\BOOKMARK [0][-]{chapter.1}{\376\377\0001\000.\000\040\000O\000v\000e\000r\000v\000i\000e\000w\0002}{}% 1
\BOOKMARK [1][-]{section*.3}{\376\377\0001\000.\0001\000\040\000S\000o\000M\000\040\000F\000u\000n\000c\000t\000i\000o\000n\000\040\000D\000e\000s\000c\000r\000i\000p\000t\000i\000o\000n}{chapter.1}% 2
\BOOKMARK [1][-]{section*.4}{\376\377\0001\000.\0002\000\040\000i\000.\000M\000X\0008\000M\000P\000\040\000S\000e\000r\000i\000e\000s\000\040\000P\000r\000o\000c\000e\000s\000s\000o\000r\000s\377\001\377\001\377\001}{chapter.1}% 3
\BOOKMARK [0][-]{chapter.2}{\376\377\0002\000.\000\040\000F\000E\000T\000-\000M\000X\0008\000M\000P\000Q\000-\000S\000M\000A\000R\000C\000\040\000D\000e\000s\000c\000r\000i\000p\000t\000i\000o\000n}{}% 4
\BOOKMARK [1][-]{section*.5}{\376\377\0002\000.\0001\000\040\000S\000o\000M\000\040\000A\000p\000p\000e\000a\000r\000a\000n\000c\000e}{chapter.2}% 5
\BOOKMARK [1][-]{section*.6}{\376\377\0002\000.\0002\000\040\000T\000e\000c\000h\000n\000i\000c\000a\000l\000\040\000S\000p\000e\000c\000i\000f\000i\000c\000a\000t\000i\000o\000n\000s}{chapter.2}% 6
\BOOKMARK [1][-]{section*.7}{\376\377\0002\000.\0003\000\040\000F\000E\000T\000-\000M\000X\0008\000M\000P\000Q\000-\000S\000M\000A\000R\000C\000\040\000M\000o\000d\000u\000l\000e\000\040\000S\000t\000r\000u\000c\000t\000u\000r\000e}{chapter.2}% 7
\BOOKMARK [1][-]{section*.8}{\376\377\0002\000.\0004\000\040\000F\000E\000T\000-\000M\000X\0008\000M\000P\000Q\000-\000S\000M\000A\000R\000C\000\040\000B\000l\000o\000c\000k\000\040\000D\000i\000a\000g\000r\000a\000m}{chapter.2}% 8
\BOOKMARK [0][-]{chapter.3}{\376\377\0003\000.\000\040\000F\000E\000T\000-\000M\000X\0008\000M\000P\000Q\000-\000S\000M\000A\000R\000C\000\040\000I\000n\000t\000e\000r\000f\000a\000c\000e\000\040\000D\000e\000s\000c\000r\000i\000p\000t\000i\000o\000n}{}% 9
\BOOKMARK [1][-]{section*.9}{\376\377\0003\000.\0001\000\040\000S\000o\000M\000\040\000C\000o\000n\000n\000e\000c\000t\000o\000r}{chapter.3}% 10
\BOOKMARK [2][-]{subsection*.10}{\376\377\0003\000.\0001\000.\0001\000\040\000G\000o\000l\000d\000e\000n\000-\000f\000i\000n\000g\000e\000r}{section*.9}% 11
\BOOKMARK [2][-]{subsection*.11}{\376\377\0003\000.\0001\000.\0002\000\040\000M\000X\000M\000\040\0003\000.\0000\000\040\000C\000o\000n\000n\000e\000c\000t\000o\000r}{section*.9}% 12
\BOOKMARK [2][-]{subsection*.12}{\376\377\0003\000.\0001\000.\0003\000\040\000W\000i\000-\000F\000i\000\040\000\046\000\040\000B\000T\000\040\000A\000n\000t\000e\000n\000n\000a\000\040\000C\000o\000n\000n\000e\000c\000t\000o\000r}{section*.9}% 13
\BOOKMARK [2][-]{subsection*.13}{\376\377\0003\000.\0001\000.\0004\000\040\000J\000T\000A\000G\000\040\000C\000o\000n\000n\000e\000c\000t\000o\000r}{section*.9}% 14
\BOOKMARK [1][-]{section*.14}{\376\377\0003\000.\0002\000\040\000F\000E\000T\000-\000M\000X\0008\000M\000P\000x\000-\000S\000M\000A\000R\000C\000\040\000C\000o\000n\000n\000e\000c\000t\000o\000r\000\040\000P\000i\000n\000\040\000O\000u\000t}{chapter.3}% 15
\BOOKMARK [2][-]{subsection*.15}{\376\377\0003\000.\0002\000.\0001\000\040\000S\000M\000A\000R\000C\000\040\000P\000-\000P\000I\000N\000\040\000C\000o\000n\000n\000e\000c\000t\000o\000r\000\040\000O\000u\000t\000p\000u\000t\000\040\000L\000i\000s\000t}{section*.14}% 16
\BOOKMARK [2][-]{subsection*.16}{\376\377\0003\000.\0002\000.\0002\000\040\000S\000M\000A\000R\000C\000\040\000S\000-\000P\000I\000N\000\040\000C\000o\000n\000n\000e\000c\000t\000o\000r\000\040\000P\000i\000n\000\040\000O\000u\000t\000\040\000L\000i\000s\000t}{section*.14}% 17
\BOOKMARK [0][-]{chapter.4}{\376\377\0004\000.\000\040\000H\000a\000r\000d\000w\000a\000r\000e\000\040\000I\000n\000t\000e\000r\000f\000a\000c\000e}{}% 18
\BOOKMARK [1][-]{section*.17}{\376\377\0004\000.\0001\000\040\000H\000D\000M\000I}{chapter.4}% 19
\BOOKMARK [2][-]{subsection*.18}{\376\377\0004\000.\0001\000.\0001\000\040\000H\000D\000M\000I\000\040\000T\000X\000\040\000C\000o\000n\000t\000r\000o\000l\000l\000e\000r}{section*.17}% 20
\BOOKMARK [2][-]{subsection*.19}{\376\377\0004\000.\0001\000.\0002\000\040\000H\000D\000M\000I\000\040\000T\000X\000\040\000P\000H\000Y}{section*.17}% 21
\BOOKMARK [2][-]{subsection*.20}{\376\377\0004\000.\0001\000.\0003\000\040\000H\000D\000M\000I\000\040\000E\000x\000t\000e\000r\000n\000a\000l\000\040\000S\000i\000g\000n\000a\000l}{section*.17}% 22
\BOOKMARK [1][-]{section*.21}{\376\377\0004\000.\0002\000\040\000L\000V\000D\000S\000\040\000I\000n\000t\000e\000r\000f\000a\000c\000e}{chapter.4}% 23
\BOOKMARK [2][-]{subsection*.22}{\376\377\0004\000.\0002\000.\0001\000\040\000O\000v\000e\000r\000v\000i\000e\000w}{section*.21}% 24
\BOOKMARK [2][-]{subsection*.23}{\376\377\0004\000.\0002\000.\0002\000\040\000F\000e\000a\000t\000u\000r\000e\000s}{section*.21}% 25
\BOOKMARK [2][-]{subsection*.24}{\376\377\0004\000.\0002\000.\0003\000\040\000S\000o\000M\000\040\000F\000u\000n\000c\000t\000i\000o\000n\000\040\000D\000e\000s\000c\000r\000i\000p\000t\000i\000o\000n}{section*.21}% 26
\BOOKMARK [2][-]{subsection*.25}{\376\377\0004\000.\0002\000.\0004\000\040\000L\000V\000D\000S\000\040\000E\000x\000t\000e\000r\000n\000a\000l\000\040\000S\000i\000g\000n\000a\000l}{section*.21}% 27
\BOOKMARK [1][-]{section*.26}{\376\377\0004\000.\0003\000\040\000M\000I\000P\000I\000\040\000I\000n\000t\000e\000r\000f\000a\000c\000e}{chapter.4}% 28
\BOOKMARK [2][-]{subsection*.27}{\376\377\0004\000.\0003\000.\0001\000\040\000O\000v\000e\000r\000v\000i\000e\000w}{section*.26}% 29
\BOOKMARK [2][-]{subsection*.28}{\376\377\0004\000.\0003\000.\0002\000\040\000B\000l\000o\000c\000k\000\040\000D\000i\000a\000g\000r\000a\000m}{section*.26}% 30
\BOOKMARK [2][-]{subsection*.29}{\376\377\0004\000.\0003\000.\0003\000\040\000F\000e\000a\000t\000u\000r\000e\000s}{section*.26}% 31
\BOOKMARK [2][-]{subsection*.30}{\376\377\0004\000.\0003\000.\0004\000\040\000M\000I\000P\000I\000\040\000D\000S\000I\000\040\000E\000x\000t\000e\000r\000n\000a\000l\000\040\000S\000i\000g\000n\000a\000l}{section*.26}% 32
\BOOKMARK [1][-]{section*.31}{\376\377\0004\000.\0004\000\040\000M\000I\000P\000I\000\040\000C\000S\000I}{chapter.4}% 33
\BOOKMARK [2][-]{subsection*.32}{\376\377\0004\000.\0004\000.\0001\000\040\000O\000v\000e\000r\000v\000i\000e\000w}{section*.31}% 34
\BOOKMARK [2][-]{subsection*.33}{\376\377\0004\000.\0004\000.\0002\000\040\000F\000e\000a\000t\000u\000r\000e\000s}{section*.31}% 35
\BOOKMARK [2][-]{subsection*.34}{\376\377\0004\000.\0004\000.\0003\000\040\000M\000I\000P\000I\000\040\000C\000S\000I\000\040\000E\000x\000t\000e\000r\000n\000a\000l\000\040\000S\000i\000g\000n\000a\000l}{section*.31}% 36
\BOOKMARK [1][-]{section*.35}{\376\377\0004\000.\0005\000\040\000A\000u\000d\000i\000o}{chapter.4}% 37
\BOOKMARK [2][-]{subsection*.36}{\376\377\0004\000.\0005\000.\0001\000\040\000S\000A\000I\000\040\000O\000v\000e\000r\000v\000i\000e\000w}{section*.35}% 38
\BOOKMARK [2][-]{subsection*.37}{\376\377\0004\000.\0005\000.\0002\000\040\000F\000e\000a\000t\000u\000r\000e\000s}{section*.35}% 39
\BOOKMARK [2][-]{subsection*.38}{\376\377\0004\000.\0005\000.\0003\000\040\000I\0002\000S\000\040\000E\000x\000t\000e\000r\000n\000a\000l\000\040\000S\000i\000g\000n\000a\000l}{section*.35}% 40
\BOOKMARK [1][-]{section*.39}{\376\377\0004\000.\0006\000\040\000P\000C\000I\000e}{chapter.4}% 41
\BOOKMARK [2][-]{subsection*.40}{\376\377\0004\000.\0006\000.\0001\000\040\000O\000v\000e\000r\000v\000i\000e\000w}{section*.39}% 42
\BOOKMARK [2][-]{subsection*.41}{\376\377\0004\000.\0006\000.\0002\000\040\000F\000e\000a\000t\000u\000r\000e\000s}{section*.39}% 43
\BOOKMARK [2][-]{subsection*.42}{\376\377\0004\000.\0006\000.\0003\000\040\000P\000C\000I\000e\000\040\000x\000\040\0001\000\040\000E\000x\000t\000e\000r\000n\000a\000l\000\040\000S\000i\000g\000n\000a\000l}{section*.39}% 44
\BOOKMARK [1][-]{section*.43}{\376\377\0004\000.\0007\000\040\000E\000t\000h\000e\000r\000n\000e\000t}{chapter.4}% 45
\BOOKMARK [2][-]{subsection*.44}{\376\377\0004\000.\0007\000.\0001\000\040\000O\000v\000e\000r\000v\000i\000e\000w}{section*.43}% 46
\BOOKMARK [2][-]{subsection*.45}{\376\377\0004\000.\0007\000.\0002\000\040\000E\000t\000h\000e\000r\000n\000e\000t\000\040\000E\000x\000t\000e\000r\000n\000a\000l\000\040\000S\000i\000g\000n\000a\000l}{section*.43}% 47
\BOOKMARK [1][-]{section*.46}{\376\377\0004\000.\0008\000\040\000U\000S\000B}{chapter.4}% 48
\BOOKMARK [2][-]{subsection*.47}{\376\377\0004\000.\0008\000.\0001\000\040\000O\000v\000e\000r\000v\000i\000e\000w}{section*.46}% 49
\BOOKMARK [2][-]{subsection*.48}{\376\377\0004\000.\0008\000.\0002\000\040\000F\000e\000a\000t\000u\000r\000e\000s}{section*.46}% 50
\BOOKMARK [2][-]{subsection*.49}{\376\377\0004\000.\0008\000.\0003\000\040\000U\000S\000B\000\040\000E\000x\000t\000e\000r\000n\000a\000l\000\040\000S\000i\000g\000n\000a\000l}{section*.46}% 51
\BOOKMARK [1][-]{section*.50}{\376\377\0004\000.\0009\000\040\000U\000A\000R\000T}{chapter.4}% 52
\BOOKMARK [2][-]{subsection*.51}{\376\377\0004\000.\0009\000.\0001\000\040\000O\000v\000e\000r\000v\000i\000e\000w}{section*.50}% 53
\BOOKMARK [2][-]{subsection*.52}{\376\377\0004\000.\0009\000.\0002\000\040\000F\000e\000a\000t\000u\000r\000e\000s}{section*.50}% 54
\BOOKMARK [2][-]{subsection*.53}{\376\377\0004\000.\0009\000.\0003\000\040\000U\000A\000R\000T\000\040\000E\000x\000t\000e\000r\000n\000a\000l\000\040\000S\000i\000g\000n\000a\000l}{section*.50}% 55
\BOOKMARK [1][-]{section*.54}{\376\377\0004\000.\0001\0000\000\040\000F\000l\000e\000x\000C\000A\000N}{chapter.4}% 56
\BOOKMARK [2][-]{subsection*.55}{\376\377\0004\000.\0001\0000\000.\0001\000\040\000O\000v\000e\000r\000v\000i\000e\000w}{section*.54}% 57
\BOOKMARK [2][-]{subsection*.56}{\376\377\0004\000.\0001\0000\000.\0002\000\040\000F\000e\000a\000t\000u\000r\000e\000s}{section*.54}% 58
\BOOKMARK [2][-]{subsection*.57}{\376\377\0004\000.\0001\0000\000.\0003\000\040\000F\000l\000e\000x\000C\000A\000N\000\040\000E\000x\000t\000e\000r\000n\000a\000l\000\040\000S\000i\000g\000n\000a\000l\000s}{section*.54}% 59
\BOOKMARK [1][-]{section*.58}{\376\377\0004\000.\0001\0001\000\040\000u\000S\000D\000H\000C}{chapter.4}% 60
\BOOKMARK [2][-]{subsection*.59}{\376\377\0004\000.\0001\0001\000.\0001\000\040\000O\000v\000e\000r\000v\000i\000e\000w}{section*.58}% 61
\BOOKMARK [2][-]{subsection*.60}{\376\377\0004\000.\0001\0001\000.\0002\000\040\000F\000e\000a\000t\000u\000r\000e\000s}{section*.58}% 62
\BOOKMARK [1][-]{section*.61}{\376\377\0004\000.\0001\0002\000\040\000u\000S\000D\000H\000C\000\040\000E\000x\000t\000e\000r\000n\000a\000l\000\040\000S\000i\000g\000n\000a\000l}{chapter.4}% 63
\BOOKMARK [1][-]{section*.62}{\376\377\0004\000.\0001\0003\000\040\000I\0002\000C}{chapter.4}% 64
\BOOKMARK [2][-]{subsection*.63}{\376\377\0004\000.\0001\0003\000.\0001\000\040\000O\000v\000e\000r\000v\000i\000e\000w}{section*.62}% 65
\BOOKMARK [2][-]{subsection*.64}{\376\377\0004\000.\0001\0003\000.\0002\000\040\000F\000e\000a\000t\000u\000r\000e\000s}{section*.62}% 66
\BOOKMARK [2][-]{subsection*.65}{\376\377\0004\000.\0001\0003\000.\0003\000\040\000I\0002\000C\000\040\000E\000x\000t\000e\000r\000n\000a\000l\000\040\000S\000i\000g\000n\000a\000l}{section*.62}% 67
\BOOKMARK [1][-]{section*.66}{\376\377\0004\000.\0001\0004\000\040\000E\000C\000S\000P\000I\000\040\000\046\000\040\000F\000l\000e\000x\000S\000P\000I}{chapter.4}% 68
\BOOKMARK [2][-]{subsection*.67}{\376\377\0004\000.\0001\0004\000.\0001\000\040\000O\000v\000e\000r\000v\000i\000e\000w}{section*.66}% 69
\BOOKMARK [2][-]{subsection*.68}{\376\377\0004\000.\0001\0004\000.\0002\000\040\000E\000C\000S\000P\000I\000\040\000F\000e\000a\000t\000u\000r\000e\000s}{section*.66}% 70
\BOOKMARK [2][-]{subsection*.69}{\376\377\0004\000.\0001\0004\000.\0003\000\040\000F\000l\000e\000x\000S\000P\000I\000\040\000O\000v\000e\000r\000v\000i\000e\000w}{section*.66}% 71
\BOOKMARK [2][-]{subsection*.70}{\376\377\0004\000.\0001\0004\000.\0004\000\040\000F\000l\000e\000x\000S\000P\000I\000\040\000F\000e\000a\000t\000u\000r\000e\000s}{section*.66}% 72
\BOOKMARK [2][-]{subsection*.71}{\376\377\0004\000.\0001\0004\000.\0005\000\040\000F\000l\000e\000x\000S\000P\000I\000\040\000E\000x\000t\000e\000r\000n\000a\000l\000\040\000S\000i\000g\000n\000a\000l\000s}{section*.66}% 73
\BOOKMARK [1][-]{section*.72}{\376\377\0004\000.\0001\0005\000\040\000P\000W\000M}{chapter.4}% 74
\BOOKMARK [2][-]{subsection*.73}{\376\377\0004\000.\0001\0005\000.\0001\000\040\000O\000v\000e\000r\000v\000i\000e\000w}{section*.72}% 75
\BOOKMARK [2][-]{subsection*.74}{\376\377\0004\000.\0001\0005\000.\0002\000\040\000F\000e\000a\000t\000u\000r\000e\000s}{section*.72}% 76
\BOOKMARK [2][-]{subsection*.75}{\376\377\0004\000.\0001\0005\000.\0003\000\040\000P\000W\000M\000\040\000E\000x\000t\000e\000r\000n\000a\000l\000\040\000S\000i\000g\000n\000a\000l}{section*.72}% 77
\BOOKMARK [1][-]{section*.76}{\376\377\0004\000.\0001\0006\000\040\000G\000P\000I\000O}{chapter.4}% 78
\BOOKMARK [2][-]{subsection*.77}{\376\377\0004\000.\0001\0006\000.\0001\000\040\000G\000P\000I\000O\000\040\000S\000i\000g\000n\000a\000l\000s}{section*.76}% 79
\BOOKMARK [1][-]{section*.78}{\376\377\0004\000.\0001\0007\000\040\000M\000a\000n\000a\000g\000e\000m\000e\000n\000t\000\040\000I\000O}{chapter.4}% 80
\BOOKMARK [2][-]{subsection*.79}{\376\377\0004\000.\0001\0007\000.\0001\000\040\000I\000O\000\040\000E\000x\000t\000e\000r\000n\000a\000l\000\040\000S\000i\000g\000n\000a\000l\000\040\000M\000a\000n\000a\000g\000e\000m\000e\000n\000t}{section*.78}% 81
\BOOKMARK [1][-]{section*.80}{\376\377\0004\000.\0001\0008\000\040\000J\000T\000A\000G}{chapter.4}% 82
\BOOKMARK [2][-]{subsection*.81}{\376\377\0004\000.\0001\0008\000.\0001\000\040\000O\000v\000e\000r\000v\000i\000e\000w}{section*.80}% 83
\BOOKMARK [2][-]{subsection*.82}{\376\377\0004\000.\0001\0008\000.\0002\000\040\000J\000T\000A\000G\000\040\000E\000x\000t\000e\000r\000n\000a\000l\000\040\000S\000i\000g\000n\000a\000l\000s}{section*.80}% 84
\BOOKMARK [1][-]{section*.83}{\376\377\0004\000.\0001\0009\000\040\000R\000T\000C}{chapter.4}% 85
\BOOKMARK [2][-]{subsection*.84}{\376\377\0004\000.\0001\0009\000.\0001\000\040\000O\000v\000e\000r\000v\000i\000e\000w}{section*.83}% 86
\BOOKMARK [2][-]{subsection*.85}{\376\377\0004\000.\0001\0009\000.\0002\000\040\000F\000e\000a\000t\000u\000r\000e\000s}{section*.83}% 87
\BOOKMARK [2][-]{subsection*.86}{\376\377\0004\000.\0001\0009\000.\0003\000\040\000R\000T\000C\000\040\000P\000o\000w\000e\000r}{section*.83}% 88
\BOOKMARK [1][-]{section*.87}{\376\377\0004\000.\0002\0000\000\040\000W\000i\000-\000F\000i\000\040\000\046\000\040\000B\000T}{chapter.4}% 89
\BOOKMARK [1][-]{section*.88}{\376\377\0004\000.\0002\0001\000\040\000P\000o\000w\000e\000r\000\040\000S\000u\000p\000p\000l\000y}{chapter.4}% 90
\BOOKMARK [2][-]{subsection*.89}{\376\377\0004\000.\0002\0001\000.\0001\000\040\000P\000o\000w\000e\000r\000\040\000S\000i\000g\000n\000a\000l\000s}{section*.88}% 91
\BOOKMARK [1][-]{section*.90}{\376\377\0004\000.\0002\0002\000\040\000G\000e\000n\000e\000r\000a\000l\000\040\000S\000y\000s\000t\000e\000m\000\040\000C\000o\000n\000t\000r\000o\000l}{chapter.4}% 92
\BOOKMARK [2][-]{subsection*.91}{\376\377\0004\000.\0002\0002\000.\000\040\0001\000\040\000G\000e\000n\000e\000r\000a\000l\000\040\000S\000y\000s\000t\000e\000m\000\040\000C\000o\000n\000t\000r\000o\000l\000\040\000S\000i\000g\000n\000a\000l\000s}{section*.90}% 93
\BOOKMARK [2][-]{subsection*.92}{\376\377\0004\000.\0002\0002\000.\0002\000\040\000B\000o\000o\000t\000\040\000C\000o\000n\000f\000i\000g\000u\000r\000a\000t\000i\000o\000n}{section*.90}% 94
\BOOKMARK [0][-]{chapter.5}{\376\377\0005\000.\000\040\000S\000o\000C\000\040\000t\000o\000\040\000C\000o\000n\000n\000e\000c\000t\000o\000r\000\040\000P\000i\000n\000\040\000F\000a\000n\000-\000o\000u\000t}{}% 95
\BOOKMARK [0][-]{chapter.6}{\376\377\0006\000.\000\040\000P\000o\000w\000e\000r\000\040\000C\000o\000n\000s\000u\000m\000p\000t\000i\000o\000n\000\040\000o\000f\000\040\000t\000h\000e\000\040\000W\000h\000o\000l\000e\000\040\000D\000e\000v\000e\000l\000o\000p\000m\000e\000n\000t\000\040\000B\000o\000a\000r\000d}{}% 96
\BOOKMARK [0][-]{chapter.7}{\376\377\0007\000.\000\040\000E\000n\000v\000i\000r\000o\000n\000m\000e\000n\000t\000a\000l\000\040\000S\000p\000e\000c\000i\000f\000i\000c\000a\000t\000i\000o\000n}{}% 97
\BOOKMARK [0][-]{chapter.8}{\376\377\0008\000.\000\040\000O\000K\000-\000M\000X\0008\000M\000P\000Q\000-\000S\000M\000A\000R\000C\000\040\000D\000e\000v\000e\000l\000o\000p\000m\000e\000n\000t\000\040\000B\000o\000a\000r\000d\000\040\000D\000e\000s\000c\000r\000i\000p\000t\000i\000o\000n}{}% 98
\BOOKMARK [1][-]{section*.93}{\376\377\0008\000.\0001\000\040\000D\000e\000v\000e\000l\000o\000p\000m\000e\000n\000t\000\040\000B\000o\000a\000r\000d\000\040\000I\000n\000t\000e\000r\000f\000a\000c\000e\000\040\000D\000i\000a\000g\000r\000a\000m}{chapter.8}% 99
\BOOKMARK [1][-]{section*.94}{\376\377\0008\000.\0002\000\040\000D\000e\000v\000e\000l\000o\000p\000m\000e\000n\000t\000\040\000B\000o\000a\000r\000d\000\040\000D\000i\000m\000e\000n\000s\000i\000o\000n}{chapter.8}% 100
\BOOKMARK [1][-]{section*.95}{\376\377\0008\000.\0003\000\040\000D\000e\000v\000e\000l\000o\000p\000m\000e\000n\000t\000\040\000B\000o\000a\000r\000d\000\040\000N\000a\000m\000i\000n\000g\000\040\000R\000u\000l\000e\000s}{chapter.8}% 101
\BOOKMARK [1][-]{section*.96}{\376\377\0008\000.\0004\000\040\000D\000e\000v\000e\000l\000o\000p\000m\000e\000n\000t\000\040\000B\000o\000a\000r\000d\000\040\000R\000e\000s\000o\000u\000r\000c\000e\000s}{chapter.8}% 102
\BOOKMARK [1][-]{section*.97}{\376\377\0008\000.\0005\000\040\000D\000e\000v\000e\000l\000o\000p\000m\000e\000n\000t\000\040\000B\000o\000a\000r\000d\000\040\000R\000e\000s\000o\000u\000r\000c\000e\000s\000\040\000B\000l\000o\000c\000k\000\040\000D\000i\000a\000g\000r\000a\000m}{chapter.8}% 103
\BOOKMARK [0][-]{chapter.9}{\376\377\0009\000.\000\040\000O\000K\000-\000M\000X\0008\000M\000P\000Q\000-\000S\000M\000A\000R\000C\000\040\000S\000c\000h\000e\000m\000a\000t\000i\000c\000\040\000D\000i\000a\000g\000r\000a\000m}{}% 104
\BOOKMARK [1][-]{section*.98}{\376\377\0009\000.\0001\000\040\000D\000e\000v\000e\000l\000o\000p\000m\000e\000n\000t\000\040\000B\000o\000a\000r\000d\000\040\000P\000o\000w\000e\000r}{chapter.9}% 105
\BOOKMARK [2][-]{subsection*.99}{\376\377\0009\000.\0001\000.\0001\000\040\000P\000o\000w\000e\000r\000\040\000C\000o\000n\000n\000e\000c\000t\000o\000r\000\040\000P\000i\000n\000\040\000D\000e\000s\000c\000r\000i\000p\000t\000i\000o\000n}{section*.98}% 106
\BOOKMARK [1][-]{section*.100}{\376\377\0009\000.\0002\000\040\000C\000o\000n\000t\000r\000o\000l\000\040\000K\000e\000y}{chapter.9}% 107
\BOOKMARK [1][-]{section*.101}{\376\377\0009\000.\0003\000\040\000B\000o\000o\000t\000\040\000C\000o\000n\000f\000i\000g\000u\000r\000a\000t\000i\000o\000n}{chapter.9}% 108
\BOOKMARK [1][-]{section*.102}{\376\377\0009\000.\0004\000\040\000D\000e\000b\000u\000g\000g\000i\000n\000g\000\040\000S\000e\000r\000i\000a\000l\000\040\000P\000o\000r\000t}{chapter.9}% 109
\BOOKMARK [2][-]{subsection*.103}{\376\377\0009\000.\0004\000.\0001\000\040\000D\000e\000b\000u\000g\000\040\000C\000o\000n\000n\000e\000c\000t\000o\000r\000\040\000P\000i\000n\000\040\000D\000e\000s\000c\000r\000i\000p\000t\000i\000o\000n}{section*.102}% 110
\BOOKMARK [1][-]{section*.104}{\376\377\0009\000.\0005\000\040\000U\000S\000B\000\040\0003\000.\0000}{chapter.9}% 111
\BOOKMARK [2][-]{subsection*.105}{\376\377\0009\000.\0005\000.\0001\000\040\000U\000S\000B\0003\000.\0000\000\040\000C\000o\000n\000n\000e\000c\000t\000o\000r\000\040\000P\000i\000n\000\040\000D\000e\000s\000c\000r\000i\000p\000t\000i\000o\000n}{section*.104}% 112
\BOOKMARK [1][-]{section*.106}{\376\377\0009\000.\0006\000\040\000U\000S\000B\0002\000.\0000}{chapter.9}% 113
\BOOKMARK [2][-]{subsection*.107}{\376\377\0009\000.\0006\000.\0001\000\040\000U\000S\000B\0002\000.\0000\000\040\000C\000o\000n\000n\000e\000c\000t\000o\000r\000\040\000P\000i\000n\000\040\000D\000e\000s\000c\000r\000i\000p\000t\000i\000o\000n}{section*.106}% 114
\BOOKMARK [1][-]{section*.108}{\376\377\0009\000.\0007\000\040\000U\000S\000B\0002\000.\0000\000\040\000O\000T\000G}{chapter.9}% 115
\BOOKMARK [1][-]{section*.109}{\376\377\0009\000.\0008\000\040\0004\000G\000/\000\040\0005\000G\000\040\000M\000o\000d\000u\000l\000e}{chapter.9}% 116
\BOOKMARK [1][-]{section*.110}{\376\377\0009\000.\0009\000\040\000G\000i\000g\000a\000b\000i\000t\000\040\000N\000e\000t\000w\000o\000r\000k\000\040\000P\000o\000r\000t}{chapter.9}% 117
\BOOKMARK [2][-]{subsection*.111}{\376\377\0009\000.\0009\000.\0001\000\040\000G\000i\000g\000a\000b\000i\000t\000\040\000E\000t\000h\000e\000r\000n\000e\000t\000\040\000R\000J\0004\0005\000\040\000C\000o\000n\000n\000e\000c\000t\000o\000r}{section*.110}% 118
\BOOKMARK [1][-]{section*.112}{\376\377\0009\000.\0001\0000\000\040\000A\000u\000d\000i\000o}{chapter.9}% 119
\BOOKMARK [2][-]{subsection*.113}{\376\377\0009\000.\0001\0000\000.\0001\000\040\000A\000u\000d\000i\000o\000\040\000C\000o\000n\000n\000e\000c\000t\000o\000r\000\040\000P\000i\000n\000\040\000D\000e\000s\000c\000r\000i\000p\000t\000i\000o\000n}{section*.112}% 120
\BOOKMARK [1][-]{section*.114}{\376\377\0009\000.\0001\0001\000\040\000R\000T\000C}{chapter.9}% 121
\BOOKMARK [1][-]{section*.115}{\376\377\0009\000.\0001\0002\000\040\000L\000V\000D\000S}{chapter.9}% 122
\BOOKMARK [2][-]{subsection*.116}{\376\377\0009\000.\0001\0002\000.\0001\000\040\000L\000V\000D\000S\000\040\000C\000o\000n\000n\000e\000c\000t\000o\000r\000\040\000P\000i\000n\000\040\000D\000e\000s\000c\000r\000i\000p\000t\000i\000o\000n}{section*.115}% 123
\BOOKMARK [1][-]{section*.117}{\376\377\0009\000.\0001\0003\000\040\000M\000I\000P\000I\000\040\000D\000S\000I\000\040\000\046\000\040\000L\000V\000D\000S}{chapter.9}% 124
\BOOKMARK [2][-]{subsection*.118}{\376\377\0009\000.\0001\0003\000.\0001\000\040\000M\000I\000P\000I\000\040\000D\000S\000I\000\040\000\046\000\040\000L\000V\000D\000S\000\040\000C\000o\000n\000n\000e\000c\000t\000o\000r\000\040\000P\000i\000n\000\040\000D\000e\000s\000c\000r\000i\000p\000t\000i\000o\000n}{section*.117}% 125
\BOOKMARK [1][-]{section*.119}{\376\377\0009\000.\0001\0004\000\327\000M\000I\000P\000I\000\040\000C\000S\000I}{chapter.9}% 126
\BOOKMARK [2][-]{subsection*.120}{\376\377\0009\000.\0001\0004\000.\0001\000\040\000M\000I\000P\000I\000\040\000C\000S\000\040\000C\000o\000n\000n\000e\000c\000t\000o\000r\000\040\000P\000i\000n\000\040\000D\000e\000s\000c\000r\000i\000p\000t\000i\000o\000n}{section*.119}% 127
\BOOKMARK [1][-]{section*.121}{\376\377\0009\000.\0001\0005\000\040\000P\000C\000I\000e\000\040\000x\000\040\0001}{chapter.9}% 128
\BOOKMARK [2][-]{subsection*.122}{\376\377\0009\000.\0001\0005\000.\0001\000\040\000P\000C\000I\000e\000\040\000x\0001\000\040\000C\000o\000n\000n\000e\000c\000t\000o\000r\000\040\000P\000i\000n\000\040\000D\000e\000s\000c\000r\000i\000p\000t\000i\000o\000n}{section*.121}% 129
\BOOKMARK [1][-]{section*.123}{\376\377\0009\000.\0001\0006\000\040\000C\000A\000N\000F\000D\000\040\000\046\000\040\000R\000S\0004\0008\0005}{chapter.9}% 130
\BOOKMARK [2][-]{subsection*.124}{\376\377\0009\000.\0001\0006\000.\0001\000\040\000C\000A\000N\000F\000D\000\040\000\046\000\040\000R\000S\0004\0008\0005\000\040\000C\000o\000n\000n\000e\000c\000t\000o\000r\000\040\000P\000i\000n\000\040\000D\000e\000s\000c\000r\000i\000p\000t\000i\000o\000n}{section*.123}% 131
\BOOKMARK [1][-]{section*.125}{\376\377\0009\000.\0001\0007\000\040\000H\000D\000M\000I}{chapter.9}% 132
\BOOKMARK [2][-]{subsection*.126}{\376\377\0009\000.\0001\0007\000.\0001\000\040\000H\000D\000M\000I\000\040\000C\000o\000n\000n\000e\000c\000t\000o\000r\000\040\000P\000i\000n\000\040\000D\000e\000s\000c\000r\000i\000p\000t\000i\000o\000n}{section*.125}% 133
\BOOKMARK [1][-]{section*.127}{\376\377\0009\000.\0001\0008\000\040\000T\000F\000\040\000C\000A\000R\000D}{chapter.9}% 134
\BOOKMARK [2][-]{subsection*.128}{\376\377\0009\000.\0001\0008\000.\0001\000\040\000T\000F\000\040\000C\000a\000r\000d\000\040\000C\000o\000n\000n\000e\000c\000t\000o\000r\000\040\000P\000i\000n\000\040\000D\000e\000s\000c\000r\000i\000p\000t\000i\000o\000n}{section*.127}% 135
\BOOKMARK [1][-]{section*.129}{\376\377\0009\000.\0001\0009\000\040\000Q\000S\000P\000I\000\040\000\046\000\040\000S\000P\000I}{chapter.9}% 136
\BOOKMARK [1][-]{section*.130}{\376\377\0009\000.\0002\0000\000\040\000P\000W\000M}{chapter.9}% 137
\BOOKMARK [2][-]{subsection*.131}{\376\377\0009\000.\0002\0001\000\040\000I\000/\000O\000\040\000e\000x\000p\000a\000n\000d}{section*.130}% 138
\BOOKMARK [1][-]{section*.132}{\376\377\0009\000.\0002\0002\000\040\000F\000A\000N}{chapter.9}% 139
\BOOKMARK [0][-]{chapter.10}{\376\377\0001\0000\000.\000\040\000O\000K\000-\000M\000X\0008\000M\000P\000Q\000-\000S\000M\000A\000R\000C\000\040\000H\000a\000r\000d\000w\000a\000r\000e\000\040\000D\000e\000s\000i\000g\000n\000\040\000G\000u\000i\000d\000e}{}% 140
\BOOKMARK [0][-]{chapter.11}{\376\377\0001\0001\000.\000\040\000C\000o\000n\000n\000e\000c\000t\000o\000r\000\040\000D\000i\000m\000e\000n\000s\000i\000o\000n\000\040\000D\000i\000a\000g\000r\000a\000m}{}% 141
