This is XeTeX, Version 3.141592653-2.6-0.999995 (TeX Live 2023/Debian) (preloaded format=xelatex 2025.8.29)  29 AUG 2025 08:28
entering extended mode
 restricted \write18 enabled.
 %&-line parsing enabled.
**hardware.tex
(./hardware.tex
LaTeX2e <2023-11-01> patch level 1
L3 programming layer <2024-01-22>
(./sphinxmanual.cls
Document Class: sphinxmanual 2019/12/01 v2.3.0 Document class (Sphinx manual)
(/usr/share/texlive/texmf-dist/tex/latex/base/report.cls
Document Class: report 2023/05/17 v1.4n Standard LaTeX document class
(/usr/share/texlive/texmf-dist/tex/latex/base/size10.clo
File: size10.clo 2023/05/17 v1.4n Standard LaTeX file (size option)
)
\c@part=\count183
\c@chapter=\count184
\c@section=\count185
\c@subsection=\count186
\c@subsubsection=\count187
\c@paragraph=\count188
\c@subparagraph=\count189
\c@figure=\count190
\c@table=\count191
\abovecaptionskip=\skip48
\belowcaptionskip=\skip49
\bibindent=\dimen140
)
LaTeX Info: Redefining \and on input line 35.
)
\sphinxpxdimen=\dimen141

(/usr/share/texlive/texmf-dist/tex/latex/cmap/cmap.sty
Package: cmap 2021/02/06 v1.0j CMap support: searchable PDF


Package cmap Warning: pdftex not detected - exiting.

) (/usr/share/texlive/texmf-dist/tex/latex/fontspec/fontspec.sty
(/usr/share/texlive/texmf-dist/tex/latex/l3packages/xparse/xparse.sty
(/usr/share/texlive/texmf-dist/tex/latex/l3kernel/expl3.sty
Package: expl3 2024-01-22 L3 programming layer (loader) 

(/usr/share/texlive/texmf-dist/tex/latex/l3backend/l3backend-xetex.def
File: l3backend-xetex.def 2024-01-04 L3 backend support: XeTeX
\g__graphics_track_int=\count192
\l__pdf_internal_box=\box51
\g__pdf_backend_object_int=\count193
\g__pdf_backend_annotation_int=\count194
\g__pdf_backend_link_int=\count195
))
Package: xparse 2023-10-10 L3 Experimental document command parser
)
Package: fontspec 2022/01/15 v2.8a Font selection for XeLaTeX and LuaLaTeX

(/usr/share/texlive/texmf-dist/tex/latex/fontspec/fontspec-xetex.sty
Package: fontspec-xetex 2022/01/15 v2.8a Font selection for XeLaTeX and LuaLaTe
X
\l__fontspec_script_int=\count196
\l__fontspec_language_int=\count197
\l__fontspec_strnum_int=\count198
\l__fontspec_tmp_int=\count199
\l__fontspec_tmpa_int=\count266
\l__fontspec_tmpb_int=\count267
\l__fontspec_tmpc_int=\count268
\l__fontspec_em_int=\count269
\l__fontspec_emdef_int=\count270
\l__fontspec_strong_int=\count271
\l__fontspec_strongdef_int=\count272
\l__fontspec_tmpa_dim=\dimen142
\l__fontspec_tmpb_dim=\dimen143
\l__fontspec_tmpc_dim=\dimen144

(/usr/share/texlive/texmf-dist/tex/latex/base/fontenc.sty
Package: fontenc 2021/04/29 v2.0v Standard LaTeX package
)
(/usr/share/texlive/texmf-dist/tex/latex/fontspec/fontspec.cfg)))
(/usr/share/texlive/texmf-dist/tex/latex/amsmath/amsmath.sty
Package: amsmath 2023/05/13 v2.17o AMS math features
\@mathmargin=\skip50

For additional information on amsmath, use the `?' option.
(/usr/share/texlive/texmf-dist/tex/latex/amsmath/amstext.sty
Package: amstext 2021/08/26 v2.01 AMS text

(/usr/share/texlive/texmf-dist/tex/latex/amsmath/amsgen.sty
File: amsgen.sty 1999/11/30 v2.0 generic functions
\@emptytoks=\toks17
\ex@=\dimen145
))
(/usr/share/texlive/texmf-dist/tex/latex/amsmath/amsbsy.sty
Package: amsbsy 1999/11/29 v1.2d Bold Symbols
\pmbraise@=\dimen146
)
(/usr/share/texlive/texmf-dist/tex/latex/amsmath/amsopn.sty
Package: amsopn 2022/04/08 v2.04 operator names
)
\inf@bad=\count273
LaTeX Info: Redefining \frac on input line 234.
\uproot@=\count274
\leftroot@=\count275
LaTeX Info: Redefining \overline on input line 399.
LaTeX Info: Redefining \colon on input line 410.
\classnum@=\count276
\DOTSCASE@=\count277
LaTeX Info: Redefining \ldots on input line 496.
LaTeX Info: Redefining \dots on input line 499.
LaTeX Info: Redefining \cdots on input line 620.
\Mathstrutbox@=\box52
\strutbox@=\box53
LaTeX Info: Redefining \big on input line 722.
LaTeX Info: Redefining \Big on input line 723.
LaTeX Info: Redefining \bigg on input line 724.
LaTeX Info: Redefining \Bigg on input line 725.
\big@size=\dimen147
LaTeX Font Info:    Redeclaring font encoding OML on input line 743.
LaTeX Font Info:    Redeclaring font encoding OMS on input line 744.
\macc@depth=\count278
LaTeX Info: Redefining \bmod on input line 905.
LaTeX Info: Redefining \pmod on input line 910.
LaTeX Info: Redefining \smash on input line 940.
LaTeX Info: Redefining \relbar on input line 970.
LaTeX Info: Redefining \Relbar on input line 971.
\c@MaxMatrixCols=\count279
\dotsspace@=\muskip16
\c@parentequation=\count280
\dspbrk@lvl=\count281
\tag@help=\toks18
\row@=\count282
\column@=\count283
\maxfields@=\count284
\andhelp@=\toks19
\eqnshift@=\dimen148
\alignsep@=\dimen149
\tagshift@=\dimen150
\tagwidth@=\dimen151
\totwidth@=\dimen152
\lineht@=\dimen153
\@envbody=\toks20
\multlinegap=\skip51
\multlinetaggap=\skip52
\mathdisplay@stack=\toks21
LaTeX Info: Redefining \[ on input line 2953.
LaTeX Info: Redefining \] on input line 2954.
)
(/usr/share/texlive/texmf-dist/tex/latex/amsfonts/amssymb.sty
Package: amssymb 2013/01/14 v3.01 AMS font symbols

(/usr/share/texlive/texmf-dist/tex/latex/amsfonts/amsfonts.sty
Package: amsfonts 2013/01/14 v3.01 Basic AMSFonts support
\symAMSa=\mathgroup4
\symAMSb=\mathgroup5
LaTeX Font Info:    Redeclaring math symbol \hbar on input line 98.
LaTeX Font Info:    Overwriting math alphabet `\mathfrak' in version `bold'
(Font)                  U/euf/m/n --> U/euf/b/n on input line 106.
))
(/usr/share/texlive/texmf-dist/tex/latex/polyglossia/polyglossia.sty
Package: polyglossia 2023/12/11 v1.66 Modern multilingual typesetting with XeLa
TeX and LuaLaTeX

(/usr/share/texlive/texmf-dist/tex/latex/etoolbox/etoolbox.sty
Package: etoolbox 2020/10/05 v2.5k e-TeX tools for LaTeX (JAW)
\etb@tempcnta=\count285
)
(/usr/share/texlive/texmf-dist/tex/latex/xkeyval/xkeyval.sty
Package: xkeyval 2022/06/16 v2.9 package option processing (HA)

(/usr/share/texlive/texmf-dist/tex/generic/xkeyval/xkeyval.tex
(/usr/share/texlive/texmf-dist/tex/generic/xkeyval/xkvutils.tex
\XKV@toks=\toks22
\XKV@tempa@toks=\toks23

(/usr/share/texlive/texmf-dist/tex/generic/xkeyval/keyval.tex))
\XKV@depth=\count286
File: xkeyval.tex 2014/12/03 v2.7a key=value parser (HA)
))
(/usr/share/texlive/texmf-dist/tex/generic/iftex/iftex.sty
Package: iftex 2022/02/03 v1.0f TeX engine tests
)
\xpg@normalclass=\XeTeXcharclass1

(/usr/share/texlive/texmf-dist/tex/latex/polyglossia/gloss-latex.lde
Package: gloss-latex 2023/12/11 v1.66 polyglossia: module for default language
)
Package polyglossia Info: Default language is latex.
)
(/usr/share/texlive/texmf-dist/tex/latex/polyglossia/gloss-english.ldf
File: gloss-english.ldf polyglossia: module for English
Package polyglossia Info: Option: English, variant=american.
)
Package polyglossia Info: Default language is english.

Package fontspec Info: Font family 'FreeSerif(0)' created for font 'FreeSerif'
(fontspec)             with options [Extension = .otf,UprightFont =
(fontspec)             *,ItalicFont = *Italic,BoldFont = *Bold,BoldItalicFont
(fontspec)             = *BoldItalic].
(fontspec)              
(fontspec)              This font family consists of the following NFSS
(fontspec)             series/shapes:
(fontspec)              
(fontspec)             - 'normal' (m/n) with NFSS spec.:
(fontspec)             <->"[FreeSerif.otf]/OT:script=latn;language=dflt;"
(fontspec)             - 'small caps'  (m/sc) with NFSS spec.:
(fontspec)             <->"[FreeSerif.otf]/OT:script=latn;language=dflt;+smcp;"

(fontspec)             - 'bold' (b/n) with NFSS spec.:
(fontspec)             <->"[FreeSerifBold.otf]/OT:script=latn;language=dflt;"
(fontspec)             - 'bold small caps'  (b/sc) with NFSS spec.:
(fontspec)             <->"[FreeSerifBold.otf]/OT:script=latn;language=dflt;+sm
cp;"
(fontspec)             - 'italic' (m/it) with NFSS spec.:
(fontspec)             <->"[FreeSerifItalic.otf]/OT:script=latn;language=dflt;"

(fontspec)             - 'italic small caps'  (m/scit) with NFSS spec.:
(fontspec)             <->"[FreeSerifItalic.otf]/OT:script=latn;language=dflt;+
smcp;"
(fontspec)             - 'bold italic' (b/it) with NFSS spec.:
(fontspec)             <->"[FreeSerifBoldItalic.otf]/OT:script=latn;language=df
lt;"
(fontspec)             - 'bold italic small caps'  (b/scit) with NFSS spec.:
(fontspec)             <->"[FreeSerifBoldItalic.otf]/OT:script=latn;language=df
lt;+smcp;"


Package fontspec Info: Font family 'FreeSans(0)' created for font 'FreeSans'
(fontspec)             with options [Extension = .otf,UprightFont =
(fontspec)             *,ItalicFont = *Oblique,BoldFont = *Bold,BoldItalicFont
(fontspec)             = *BoldOblique].
(fontspec)              
(fontspec)              This font family consists of the following NFSS
(fontspec)             series/shapes:
(fontspec)              
(fontspec)             - 'normal' (m/n) with NFSS spec.:
(fontspec)             <->"[FreeSans.otf]/OT:script=latn;language=dflt;"
(fontspec)             - 'small caps'  (m/sc) with NFSS spec.:
(fontspec)             <->"[FreeSans.otf]/OT:script=latn;language=dflt;+smcp;"
(fontspec)             - 'bold' (b/n) with NFSS spec.:
(fontspec)             <->"[FreeSansBold.otf]/OT:script=latn;language=dflt;"
(fontspec)             - 'bold small caps'  (b/sc) with NFSS spec.:
(fontspec)             <->"[FreeSansBold.otf]/OT:script=latn;language=dflt;+smc
p;"
(fontspec)             - 'italic' (m/it) with NFSS spec.:
(fontspec)             <->"[FreeSansOblique.otf]/OT:script=latn;language=dflt;"

(fontspec)             - 'italic small caps'  (m/scit) with NFSS spec.:
(fontspec)             <->"[FreeSansOblique.otf]/OT:script=latn;language=dflt;+
smcp;"
(fontspec)             - 'bold italic' (b/it) with NFSS spec.:
(fontspec)             <->"[FreeSansBoldOblique.otf]/OT:script=latn;language=df
lt;"
(fontspec)             - 'bold italic small caps'  (b/scit) with NFSS spec.:
(fontspec)             <->"[FreeSansBoldOblique.otf]/OT:script=latn;language=df
lt;+smcp;"


Package fontspec Info: Font family 'FreeMono(0)' created for font 'FreeMono'
(fontspec)             with options [Scale=0.9,Extension = .otf,UprightFont =
(fontspec)             *,ItalicFont = *Oblique,BoldFont = *Bold,BoldItalicFont
(fontspec)             = *BoldOblique].
(fontspec)              
(fontspec)              This font family consists of the following NFSS
(fontspec)             series/shapes:
(fontspec)              
(fontspec)             - 'normal' (m/n) with NFSS spec.:
(fontspec)             <->s*[0.9]"[FreeMono.otf]/OT:script=latn;language=dflt;"

(fontspec)             - 'small caps'  (m/sc) with NFSS spec.:
(fontspec)             <->s*[0.9]"[FreeMono.otf]/OT:script=latn;language=dflt;+
smcp;"
(fontspec)             - 'bold' (b/n) with NFSS spec.:
(fontspec)             <->s*[0.9]"[FreeMonoBold.otf]/OT:script=latn;language=df
lt;"
(fontspec)             - 'bold small caps'  (b/sc) with NFSS spec.:
(fontspec)             <->s*[0.9]"[FreeMonoBold.otf]/OT:script=latn;language=df
lt;+smcp;"
(fontspec)             - 'italic' (m/it) with NFSS spec.:
(fontspec)             <->s*[0.9]"[FreeMonoOblique.otf]/OT:script=latn;language
=dflt;"
(fontspec)             - 'italic small caps'  (m/scit) with NFSS spec.:
(fontspec)             <->s*[0.9]"[FreeMonoOblique.otf]/OT:script=latn;language
=dflt;+smcp;"
(fontspec)             - 'bold italic' (b/it) with NFSS spec.:
(fontspec)             <->s*[0.9]"[FreeMonoBoldOblique.otf]/OT:script=latn;lang
uage=dflt;"
(fontspec)             - 'bold italic small caps'  (b/scit) with NFSS spec.:
(fontspec)             <->s*[0.9]"[FreeMonoBoldOblique.otf]/OT:script=latn;lang
uage=dflt;+smcp;"


(/usr/share/texlive/texmf-dist/tex/latex/fncychap/fncychap.sty
Package: fncychap 2007/07/30 v1.34 LaTeX package (Revised chapters)
\RW=\skip53
\mylen=\skip54
\myhi=\skip55
\px=\skip56
\py=\skip57
\pyy=\skip58
\pxx=\skip59
\c@AlphaCnt=\count287
\c@AlphaDecCnt=\count288
) (./sphinx.sty
Package: sphinx 2024/11/23 v8.2.0 Sphinx LaTeX package (sphinx-doc)

(/usr/share/texlive/texmf-dist/tex/generic/ltxcmds/ltxcmds.sty
Package: ltxcmds 2023-12-04 v1.26 LaTeX kernel commands for general use (HO)
)
(/usr/share/texlive/texmf-dist/tex/latex/xcolor/xcolor.sty
Package: xcolor 2023/11/15 v3.01 LaTeX color extensions (UK)

(/usr/share/texlive/texmf-dist/tex/latex/graphics-cfg/color.cfg
File: color.cfg 2016/01/02 v1.6 sample color configuration
)
Package xcolor Info: Driver file: xetex.def on input line 274.

(/usr/share/texlive/texmf-dist/tex/latex/graphics-def/xetex.def
File: xetex.def 2022/09/22 v5.0n Graphics/color driver for xetex
)
(/usr/share/texlive/texmf-dist/tex/latex/graphics/mathcolor.ltx)
Package xcolor Info: Model `cmy' substituted by `cmy0' on input line 1350.
Package xcolor Info: Model `RGB' extended on input line 1366.
Package xcolor Info: Model `HTML' substituted by `rgb' on input line 1368.
Package xcolor Info: Model `Hsb' substituted by `hsb' on input line 1369.
Package xcolor Info: Model `tHsb' substituted by `hsb' on input line 1370.
Package xcolor Info: Model `HSB' substituted by `hsb' on input line 1371.
Package xcolor Info: Model `Gray' substituted by `gray' on input line 1372.
Package xcolor Info: Model `wave' substituted by `hsb' on input line 1373.
)
(/usr/share/texlive/texmf-dist/tex/latex/kvoptions/kvoptions.sty
Package: kvoptions 2022-06-15 v3.15 Key value format for package options (HO)

(/usr/share/texlive/texmf-dist/tex/latex/kvsetkeys/kvsetkeys.sty
Package: kvsetkeys 2022-10-05 v1.19 Key value parser (HO)
))
(./sphinxoptionshyperref.sty
Package: sphinxoptionshyperref 2021/01/27 hyperref
) (./sphinxoptionsgeometry.sty
Package: sphinxoptionsgeometry 2021/01/27 geometry
)
(/usr/share/texlive/texmf-dist/tex/latex/base/textcomp.sty
Package: textcomp 2020/02/02 v2.0n Standard LaTeX package
)
(/usr/share/texlive/texmf-dist/tex/latex/float/float.sty
Package: float 2001/11/08 v1.3d Float enhancements (AL)
\c@float@type=\count289
\float@exts=\toks24
\float@box=\box54
\@float@everytoks=\toks25
\@floatcapt=\box55
)
(/usr/share/texlive/texmf-dist/tex/latex/wrapfig/wrapfig.sty
\wrapoverhang=\dimen154
\WF@size=\dimen155
\c@WF@wrappedlines=\count290
\WF@box=\box56
\WF@everypar=\toks26
Package: wrapfig 2003/01/31  v 3.6
)
(/usr/share/texlive/texmf-dist/tex/latex/capt-of/capt-of.sty
Package: capt-of 2009/12/29 v0.2 standard captions outside of floats
)
(/usr/share/texlive/texmf-dist/tex/latex/tools/multicol.sty
Package: multicol 2023/03/30 v1.9f multicolumn formatting (FMi)
\c@tracingmulticols=\count291
\mult@box=\box57
\multicol@leftmargin=\dimen156
\c@unbalance=\count292
\c@collectmore=\count293
\doublecol@number=\count294
\multicoltolerance=\count295
\multicolpretolerance=\count296
\full@width=\dimen157
\page@free=\dimen158
\premulticols=\dimen159
\postmulticols=\dimen160
\multicolsep=\skip60
\multicolbaselineskip=\skip61
\partial@page=\box58
\last@line=\box59
\mc@boxedresult=\box60
\maxbalancingoverflow=\dimen161
\mult@rightbox=\box61
\mult@grightbox=\box62
\mult@firstbox=\box63
\mult@gfirstbox=\box64
\@tempa=\box65
\@tempa=\box66
\@tempa=\box67
\@tempa=\box68
\@tempa=\box69
\@tempa=\box70
\@tempa=\box71
\@tempa=\box72
\@tempa=\box73
\@tempa=\box74
\@tempa=\box75
\@tempa=\box76
\@tempa=\box77
\@tempa=\box78
\@tempa=\box79
\@tempa=\box80
\@tempa=\box81
\@tempa=\box82
\@tempa=\box83
\@tempa=\box84
\@tempa=\box85
\@tempa=\box86
\@tempa=\box87
\@tempa=\box88
\@tempa=\box89
\@tempa=\box90
\@tempa=\box91
\@tempa=\box92
\@tempa=\box93
\@tempa=\box94
\@tempa=\box95
\@tempa=\box96
\@tempa=\box97
\@tempa=\box98
\@tempa=\box99
\@tempa=\box100
\c@minrows=\count297
\c@columnbadness=\count298
\c@finalcolumnbadness=\count299
\last@try=\dimen162
\multicolovershoot=\dimen163
\multicolundershoot=\dimen164
\mult@nat@firstbox=\box101
\colbreak@box=\box102
\mc@col@check@num=\count300
)
(/usr/share/texlive/texmf-dist/tex/latex/graphics/graphicx.sty
Package: graphicx 2021/09/16 v1.2d Enhanced LaTeX Graphics (DPC,SPQR)

(/usr/share/texlive/texmf-dist/tex/latex/graphics/graphics.sty
Package: graphics 2022/03/10 v1.4e Standard LaTeX Graphics (DPC,SPQR)

(/usr/share/texlive/texmf-dist/tex/latex/graphics/trig.sty
Package: trig 2021/08/11 v1.11 sin cos tan (DPC)
)
(/usr/share/texlive/texmf-dist/tex/latex/graphics-cfg/graphics.cfg
File: graphics.cfg 2016/06/04 v1.11 sample graphics configuration
)
Package graphics Info: Driver file: xetex.def on input line 107.
)
\Gin@req@height=\dimen165
\Gin@req@width=\dimen166
)
(./sphinxlatexgraphics.sty
Package: sphinxlatexgraphics 2024/08/13 v8.1.0 graphics
\spx@image@maxheight=\dimen167
\spx@image@box=\box103
) (./sphinxpackageboxes.sty
Package: sphinxpackageboxes 2024/07/01 v7.4.0 advanced colored boxes

(/usr/share/texlive/texmf-dist/tex/latex/pict2e/pict2e.sty
Package: pict2e 2020/09/30 v0.4b Improved picture commands (HjG,RN,JT)

(/usr/share/texlive/texmf-dist/tex/latex/pict2e/pict2e.cfg
File: pict2e.cfg 2016/02/05 v0.1u pict2e configuration for teTeX/TeXLive
)
Package pict2e Info: Driver file: xetex.def on input line 112.
Package pict2e Info: Driver file for pict2e: p2e-xetex.def on input line 114.

(/usr/share/texlive/texmf-dist/tex/latex/pict2e/p2e-xetex.def
File: p2e-xetex.def 2016/02/05 v0.1u Driver-dependant file (RN,HjG,JT)
)
\pIIe@GRAPH=\toks27
\@arclen=\dimen168
\@arcrad=\dimen169
\pIIe@tempdima=\dimen170
\pIIe@tempdimb=\dimen171
\pIIe@tempdimc=\dimen172
\pIIe@tempdimd=\dimen173
\pIIe@tempdime=\dimen174
\pIIe@tempdimf=\dimen175
)
(/usr/share/texlive/texmf-dist/tex/latex/ellipse/ellipse.sty
Package: ellipse 2004/11/05 v1.0 .dtx ellipse file
)
\@tempdimd=\dimen176
\spx@tempboxa=\box104
\spx@tempboxb=\box105
\spx@boxes@border@top=\dimen177
\spx@boxes@border@right=\dimen178
\spx@boxes@border@bottom=\dimen179
\spx@boxes@border@left=\dimen180
\spx@boxes@padding@top=\dimen181
\spx@boxes@padding@right=\dimen182
\spx@boxes@padding@bottom=\dimen183
\spx@boxes@padding@left=\dimen184
\spx@boxes@shadow@xoffset=\dimen185
\spx@boxes@shadow@yoffset=\dimen186
\spx@boxes@radius@topleft@x=\dimen187
\spx@boxes@radius@topright@x=\dimen188
\spx@boxes@radius@bottomright@x=\dimen189
\spx@boxes@radius@bottomleft@x=\dimen190
\spx@boxes@radius@topleft@y=\dimen191
\spx@boxes@radius@topright@y=\dimen192
\spx@boxes@radius@bottomright@y=\dimen193
\spx@boxes@radius@bottomleft@y=\dimen194
)
(./sphinxlatexadmonitions.sty
Package: sphinxlatexadmonitions 2024/10/11 v8.1.1 admonitions

(/usr/share/texlive/texmf-dist/tex/latex/framed/framed.sty
Package: framed 2011/10/22 v 0.96: framed or shaded text with page breaks
\OuterFrameSep=\skip62
\fb@frw=\dimen195
\fb@frh=\dimen196
\FrameRule=\dimen197
\FrameSep=\dimen198
)
(./sphinxpackagefootnote.sty
Package: sphinxpackagefootnote 2024/05/17 v7.3.x Sphinx custom footnotehyper pa
ckage (Sphinx team)
\FNH@notes=\box106
\FNH@toks=\toks28
\FNH@width=\dimen199
\c@sphinxfootnotemark=\count301
)
\spx@notice@border=\dimen256
\c@sphinxtodo=\count302
) (./sphinxlatexliterals.sty
Package: sphinxlatexliterals 2024/07/01 v7.4.0 code-blocks and parsed literals

(/usr/share/texlive/texmf-dist/tex/latex/fancyvrb/fancyvrb.sty
Package: fancyvrb 2024/01/20 4.5c verbatim text (tvz,hv)
\FV@CodeLineNo=\count303
\FV@InFile=\read2
\FV@TabBox=\box107
\c@FancyVerbLine=\count304
\FV@StepNumber=\count305
\FV@OutFile=\write3
)
(/usr/share/texlive/texmf-dist/tex/latex/base/alltt.sty
Package: alltt 2021/01/29 v2.0g defines alltt environment
)
(/usr/share/texlive/texmf-dist/tex/latex/upquote/upquote.sty
Package: upquote 2012/04/19 v1.3 upright-quote and grave-accent glyphs in verba
tim
)
(/usr/share/texlive/texmf-dist/tex/latex/needspace/needspace.sty
Package: needspace 2010/09/12 v1.3d reserve vertical space
)
\sphinxcontinuationbox=\box108
\sphinxvisiblespacebox=\box109
\sphinxVerbatim@TitleBox=\box110
\sphinxVerbatim@ContentsBox=\box111
)
(./sphinxlatexshadowbox.sty
Package: sphinxlatexshadowbox 2024/07/28 v8.1.0 sphinxShadowBox
) (./sphinxlatexcontainers.sty
Package: sphinxlatexcontainers 2021/05/03 containers
)
(./sphinxhighlight.sty
Package: sphinxhighlight 2022/06/30 stylesheet for highlighting with pygments
) (./sphinxlatextables.sty
Package: sphinxlatextables 2024/07/01 v7.4.0 tables

(/usr/share/texlive/texmf-dist/tex/latex/tabulary/tabulary.sty
Package: tabulary 2014/06/11 v0.10 tabulary package (DPC)

(/usr/share/texlive/texmf-dist/tex/latex/tools/array.sty
Package: array 2023/10/16 v2.5g Tabular extension package (FMi)
\col@sep=\dimen257
\ar@mcellbox=\box112
\extrarowheight=\dimen258
\NC@list=\toks29
\extratabsurround=\skip63
\backup@length=\skip64
\ar@cellbox=\box113
)
\TY@count=\count306
\TY@linewidth=\dimen259
\tymin=\dimen260
\tymax=\dimen261
\TY@tablewidth=\dimen262
)
(/usr/share/texlive/texmf-dist/tex/latex/tools/longtable.sty
Package: longtable 2023-11-01 v4.19 Multi-page Table package (DPC)
\LTleft=\skip65
\LTright=\skip66
\LTpre=\skip67
\LTpost=\skip68
\LTchunksize=\count307
\LTcapwidth=\dimen263
\LT@head=\box114
\LT@firsthead=\box115
\LT@foot=\box116
\LT@lastfoot=\box117
\LT@gbox=\box118
\LT@cols=\count308
\LT@rows=\count309
\c@LT@tables=\count310
\c@LT@chunks=\count311
\LT@p@ftn=\toks30
)
(/usr/share/texlive/texmf-dist/tex/latex/varwidth/varwidth.sty
Package: varwidth 2009/03/30 ver 0.92;  Variable-width minipages
\@vwid@box=\box119
\sift@deathcycles=\count312
\@vwid@loff=\dimen264
\@vwid@roff=\dimen265
)
\sphinx@TY@tablewidth=\dimen266

(/usr/share/texlive/texmf-dist/tex/latex/colortbl/colortbl.sty
Package: colortbl 2022/06/20 v1.0f Color table columns (DPC)
\everycr=\toks31
\minrowclearance=\skip69
\rownum=\count313
)
(/usr/share/texlive/texmf-dist/tex/latex/booktabs/booktabs.sty
Package: booktabs 2020/01/12 v1.61803398 Publication quality tables
\heavyrulewidth=\dimen267
\lightrulewidth=\dimen268
\cmidrulewidth=\dimen269
\belowrulesep=\dimen270
\belowbottomsep=\dimen271
\aboverulesep=\dimen272
\abovetopsep=\dimen273
\cmidrulesep=\dimen274
\cmidrulekern=\dimen275
\defaultaddspace=\dimen276
\@cmidla=\count314
\@cmidlb=\count315
\@aboverulesep=\dimen277
\@belowrulesep=\dimen278
\@thisruleclass=\count316
\@lastruleclass=\count317
\@thisrulewidth=\dimen279
))
(./sphinxlatexnumfig.sty
Package: sphinxlatexnumfig 2024/07/31 v8.1.0 numbering
) (./sphinxlatexlists.sty
Package: sphinxlatexlists 2021/12/20 lists
\spx@lineitemlabel=\toks32
)
\c@sphinxscope=\count318
 (./sphinxlatexindbibtoc.sty
Package: sphinxlatexindbibtoc 2021/01/27 index, bib., toc

(/usr/share/texlive/texmf-dist/tex/latex/base/makeidx.sty
Package: makeidx 2021/10/04 v1.0m Standard LaTeX package
))
(./sphinxlatexstylepage.sty
Package: sphinxlatexstylepage 2021/01/27 page styling

(/usr/share/texlive/texmf-dist/tex/latex/parskip/parskip.sty
Package: parskip 2021-03-14 v2.0h non-zero parskip adjustments
)
(/usr/share/texlive/texmf-dist/tex/latex/fancyhdr/fancyhdr.sty
Package: fancyhdr 2022/11/09 v4.1 Extensive control of page headers and footers

\f@nch@headwidth=\skip70
\f@nch@O@elh=\skip71
\f@nch@O@erh=\skip72
\f@nch@O@olh=\skip73
\f@nch@O@orh=\skip74
\f@nch@O@elf=\skip75
\f@nch@O@erf=\skip76
\f@nch@O@olf=\skip77
\f@nch@O@orf=\skip78
))
(./sphinxlatexstyleheadings.sty
Package: sphinxlatexstyleheadings 2023/02/11 headings

(/usr/share/texlive/texmf-dist/tex/latex/titlesec/titlesec.sty
Package: titlesec 2023/10/27 v2.16 Sectioning titles
\ttl@box=\box120
\beforetitleunit=\skip79
\aftertitleunit=\skip80
\ttl@plus=\dimen280
\ttl@minus=\dimen281
\ttl@toksa=\toks33
\titlewidth=\dimen282
\titlewidthlast=\dimen283
\titlewidthfirst=\dimen284
))
(./sphinxlatexstyletext.sty
Package: sphinxlatexstyletext 2024/07/28 v8.1.0 text styling
) (./sphinxlatexobjects.sty
Package: sphinxlatexobjects 2025/02/11 documentation environments
\sphinxsignaturesep=\skip81
\sphinxsignaturelistskip=\skip82
\py@argswidth=\skip83
\lineblockindentation=\skip84
\DUlineblockindent=\skip85
))
(/usr/share/texlive/texmf-dist/tex/latex/geometry/geometry.sty
Package: geometry 2020/01/02 v5.9 Page Geometry

(/usr/share/texlive/texmf-dist/tex/generic/iftex/ifvtex.sty
Package: ifvtex 2019/10/25 v1.7 ifvtex legacy package. Use iftex instead.
)
\Gm@cnth=\count319
\Gm@cntv=\count320
\c@Gm@tempcnt=\count321
\Gm@bindingoffset=\dimen285
\Gm@wd@mp=\dimen286
\Gm@odd@mp=\dimen287
\Gm@even@mp=\dimen288
\Gm@layoutwidth=\dimen289
\Gm@layoutheight=\dimen290
\Gm@layouthoffset=\dimen291
\Gm@layoutvoffset=\dimen292
\Gm@dimlist=\toks34
)
(/usr/share/texlive/texmf-dist/tex/latex/hyperref/hyperref.sty
Package: hyperref 2024-01-20 v7.01h Hypertext links for LaTeX

(/usr/share/texlive/texmf-dist/tex/generic/kvdefinekeys/kvdefinekeys.sty
Package: kvdefinekeys 2019-12-19 v1.6 Define keys (HO)
)
(/usr/share/texlive/texmf-dist/tex/generic/pdfescape/pdfescape.sty
Package: pdfescape 2019/12/09 v1.15 Implements pdfTeX's escape features (HO)

(/usr/share/texlive/texmf-dist/tex/generic/pdftexcmds/pdftexcmds.sty
Package: pdftexcmds 2020-06-27 v0.33 Utility functions of pdfTeX for LuaTeX (HO
)

(/usr/share/texlive/texmf-dist/tex/generic/infwarerr/infwarerr.sty
Package: infwarerr 2019/12/03 v1.5 Providing info/warning/error messages (HO)
)
Package pdftexcmds Info: \pdf@primitive is available.
Package pdftexcmds Info: \pdf@ifprimitive is available.
Package pdftexcmds Info: \pdfdraftmode not found.
))
(/usr/share/texlive/texmf-dist/tex/latex/hycolor/hycolor.sty
Package: hycolor 2020-01-27 v1.10 Color options for hyperref/bookmark (HO)
)
(/usr/share/texlive/texmf-dist/tex/latex/auxhook/auxhook.sty
Package: auxhook 2019-12-17 v1.6 Hooks for auxiliary files (HO)
)
(/usr/share/texlive/texmf-dist/tex/latex/hyperref/nameref.sty
Package: nameref 2023-11-26 v2.56 Cross-referencing by name of section

(/usr/share/texlive/texmf-dist/tex/latex/refcount/refcount.sty
Package: refcount 2019/12/15 v3.6 Data extraction from label references (HO)
)
(/usr/share/texlive/texmf-dist/tex/generic/gettitlestring/gettitlestring.sty
Package: gettitlestring 2019/12/15 v1.6 Cleanup title references (HO)
)
\c@section@level=\count322
)
\@linkdim=\dimen293
\Hy@linkcounter=\count323
\Hy@pagecounter=\count324

(/usr/share/texlive/texmf-dist/tex/latex/hyperref/pd1enc.def
File: pd1enc.def 2024-01-20 v7.01h Hyperref: PDFDocEncoding definition (HO)
)
(/usr/share/texlive/texmf-dist/tex/generic/intcalc/intcalc.sty
Package: intcalc 2019/12/15 v1.3 Expandable calculations with integers (HO)
)
\Hy@SavedSpaceFactor=\count325

(/usr/share/texlive/texmf-dist/tex/latex/hyperref/puenc.def
File: puenc.def 2024-01-20 v7.01h Hyperref: PDF Unicode definition (HO)
)
Package hyperref Info: Option `hyperindex' set `false' on input line 4062.
Package hyperref Info: Option `unicode' set `true' on input line 4062.
Package hyperref Info: Option `colorlinks' set `true' on input line 4062.
Package hyperref Info: Option `breaklinks' set `true' on input line 4062.
Package hyperref Info: Hyper figures OFF on input line 4179.
Package hyperref Info: Link nesting OFF on input line 4184.
Package hyperref Info: Hyper index OFF on input line 4189.
Package hyperref Info: Plain pages OFF on input line 4194.
Package hyperref Info: Backreferencing OFF on input line 4199.
Package hyperref Info: Implicit mode ON; LaTeX internals redefined.
Package hyperref Info: Bookmarks ON on input line 4446.
\c@Hy@tempcnt=\count326

(/usr/share/texlive/texmf-dist/tex/latex/url/url.sty
\Urlmuskip=\muskip17
Package: url 2013/09/16  ver 3.4  Verb mode for urls, etc.
)
LaTeX Info: Redefining \url on input line 4784.
\XeTeXLinkMargin=\dimen294

(/usr/share/texlive/texmf-dist/tex/generic/bitset/bitset.sty
Package: bitset 2019/12/09 v1.3 Handle bit-vector datatype (HO)

(/usr/share/texlive/texmf-dist/tex/generic/bigintcalc/bigintcalc.sty
Package: bigintcalc 2019/12/15 v1.5 Expandable calculations on big integers (HO
)
))
\Fld@menulength=\count327
\Field@Width=\dimen295
\Fld@charsize=\dimen296
Package hyperref Info: Hyper figures OFF on input line 6063.
Package hyperref Info: Link nesting OFF on input line 6068.
Package hyperref Info: Hyper index OFF on input line 6073.
Package hyperref Info: backreferencing OFF on input line 6078.
Package hyperref Info: Link coloring ON on input line 6081.
Package hyperref Info: Link coloring with OCG OFF on input line 6088.
Package hyperref Info: PDF/A mode OFF on input line 6093.

(/usr/share/texlive/texmf-dist/tex/latex/base/atbegshi-ltx.sty
Package: atbegshi-ltx 2021/01/10 v1.0c Emulation of the original atbegshi
package with kernel methods
)
\Hy@abspage=\count328
\c@Item=\count329
\c@Hfootnote=\count330
)
Package hyperref Info: Driver (autodetected): hxetex.

(/usr/share/texlive/texmf-dist/tex/latex/hyperref/hxetex.def
File: hxetex.def 2024-01-20 v7.01h Hyperref driver for XeTeX

(/usr/share/texlive/texmf-dist/tex/generic/stringenc/stringenc.sty
Package: stringenc 2019/11/29 v1.12 Convert strings between diff. encodings (HO
)
)
\pdfm@box=\box121
\c@Hy@AnnotLevel=\count331
\HyField@AnnotCount=\count332
\Fld@listcount=\count333
\c@bookmark@seq@number=\count334

(/usr/share/texlive/texmf-dist/tex/latex/rerunfilecheck/rerunfilecheck.sty
Package: rerunfilecheck 2022-07-10 v1.10 Rerun checks for auxiliary files (HO)

(/usr/share/texlive/texmf-dist/tex/latex/base/atveryend-ltx.sty
Package: atveryend-ltx 2020/08/19 v1.0a Emulation of the original atveryend pac
kage
with kernel methods
)
(/usr/share/texlive/texmf-dist/tex/generic/uniquecounter/uniquecounter.sty
Package: uniquecounter 2019/12/15 v1.4 Provide unlimited unique counter (HO)
)
Package uniquecounter Info: New unique counter `rerunfilecheck' on input line 2
85.
)
\Hy@SectionHShift=\skip86
)
(/usr/share/texlive/texmf-dist/tex/latex/oberdiek/hypcap.sty
Package: hypcap 2016/05/16 v1.12 Adjusting the anchors of captions (HO)

(/usr/share/texlive/texmf-dist/tex/latex/letltxmacro/letltxmacro.sty
Package: letltxmacro 2019/12/03 v1.6 Let assignment for LaTeX macros (HO)
))
(./sphinxmessages.sty
Package: sphinxmessages 2019/01/04 v2.0 Localized LaTeX macros (Sphinx team)
)
(/usr/share/texlive/texmf-dist/tex/xelatex/xecjk/xeCJK.sty
Package: xeCJK 2022/08/05 v3.9.1 Typesetting CJK scripts with XeLaTeX

(/usr/share/texlive/texmf-dist/tex/latex/ctex/ctexhook.sty
Package: ctexhook 2022/07/14 v2.5.10 Document and package hooks (CTEX)
)
(/usr/share/texlive/texmf-dist/tex/latex/l3packages/xtemplate/xtemplate.sty
Package: xtemplate 2023-10-10 L3 Experimental prototype document functions
\l__xtemplate_tmp_dim=\dimen297
\l__xtemplate_tmp_int=\count335
\l__xtemplate_tmp_muskip=\muskip18
\l__xtemplate_tmp_skip=\skip87
)
\l__xeCJK_tmp_int=\count336
\l__xeCJK_tmp_box=\box122
\l__xeCJK_tmp_dim=\dimen298
\l__xeCJK_tmp_skip=\skip88
\g__xeCJK_space_factor_int=\count337
\l__xeCJK_begin_int=\count338
\l__xeCJK_end_int=\count339
\c__xeCJK_CJK_class_int=\XeTeXcharclass2
\c__xeCJK_FullLeft_class_int=\XeTeXcharclass3
\c__xeCJK_FullRight_class_int=\XeTeXcharclass4
\c__xeCJK_HalfLeft_class_int=\XeTeXcharclass5
\c__xeCJK_HalfRight_class_int=\XeTeXcharclass6
\c__xeCJK_NormalSpace_class_int=\XeTeXcharclass7
\c__xeCJK_CM_class_int=\XeTeXcharclass8
\c__xeCJK_HangulJamo_class_int=\XeTeXcharclass9
\l__xeCJK_last_skip=\skip89
\c__xeCJK_none_node=\count340
\g__xeCJK_node_int=\count341
\c__xeCJK_CJK_node_dim=\dimen299
\c__xeCJK_CJK-space_node_dim=\dimen300
\c__xeCJK_default_node_dim=\dimen301
\c__xeCJK_CJK-widow_node_dim=\dimen302
\c__xeCJK_normalspace_node_dim=\dimen303
\c__xeCJK_default-space_node_skip=\skip90
\l__xeCJK_ccglue_skip=\skip91
\l__xeCJK_ecglue_skip=\skip92
\l__xeCJK_punct_kern_skip=\skip93
\l__xeCJK_indent_box=\box123
\l__xeCJK_last_penalty_int=\count342
\l__xeCJK_last_bound_dim=\dimen304
\l__xeCJK_last_kern_dim=\dimen305
\l__xeCJK_widow_penalty_int=\count343

Package xtemplate Info: Declaring object type 'xeCJK/punctuation' taking 0
(xtemplate)             argument(s) on line 2396.

\l__xeCJK_fixed_punct_width_dim=\dimen306
\l__xeCJK_mixed_punct_width_dim=\dimen307
\l__xeCJK_middle_punct_width_dim=\dimen308
\l__xeCJK_fixed_margin_width_dim=\dimen309
\l__xeCJK_mixed_margin_width_dim=\dimen310
\l__xeCJK_middle_margin_width_dim=\dimen311
\l__xeCJK_bound_punct_width_dim=\dimen312
\l__xeCJK_bound_margin_width_dim=\dimen313
\l__xeCJK_margin_minimum_dim=\dimen314
\l__xeCJK_kerning_total_width_dim=\dimen315
\l__xeCJK_same_align_margin_dim=\dimen316
\l__xeCJK_different_align_margin_dim=\dimen317
\l__xeCJK_kerning_margin_width_dim=\dimen318
\l__xeCJK_kerning_margin_minimum_dim=\dimen319
\l__xeCJK_bound_dim=\dimen320
\l__xeCJK_reverse_bound_dim=\dimen321
\l__xeCJK_margin_dim=\dimen322
\l__xeCJK_minimum_bound_dim=\dimen323
\l__xeCJK_kerning_margin_dim=\dimen324
\g__xeCJK_family_int=\count344
\l__xeCJK_fam_int=\count345
\g__xeCJK_fam_allocation_int=\count346
\l__xeCJK_verb_case_int=\count347
\l__xeCJK_verb_exspace_skip=\skip94

(/usr/share/texlive/texmf-dist/tex/xelatex/xecjk/xeCJK.cfg
File: xeCJK.cfg 2022/08/05 v3.9.1 Configuration file for xeCJK package
))
(/usr/share/texlive/texmf-dist/tex/latex/pgf/frontendlayer/tikz.sty
(/usr/share/texlive/texmf-dist/tex/latex/pgf/basiclayer/pgf.sty
(/usr/share/texlive/texmf-dist/tex/latex/pgf/utilities/pgfrcs.sty
(/usr/share/texlive/texmf-dist/tex/generic/pgf/utilities/pgfutil-common.tex
\pgfutil@everybye=\toks35
\pgfutil@tempdima=\dimen325
\pgfutil@tempdimb=\dimen326
)
(/usr/share/texlive/texmf-dist/tex/generic/pgf/utilities/pgfutil-latex.def
\pgfutil@abb=\box124
)
(/usr/share/texlive/texmf-dist/tex/generic/pgf/utilities/pgfrcs.code.tex
(/usr/share/texlive/texmf-dist/tex/generic/pgf/pgf.revision.tex)
Package: pgfrcs 2023-01-15 v3.1.10 (3.1.10)
))
Package: pgf 2023-01-15 v3.1.10 (3.1.10)

(/usr/share/texlive/texmf-dist/tex/latex/pgf/basiclayer/pgfcore.sty
(/usr/share/texlive/texmf-dist/tex/latex/pgf/systemlayer/pgfsys.sty
(/usr/share/texlive/texmf-dist/tex/generic/pgf/systemlayer/pgfsys.code.tex
Package: pgfsys 2023-01-15 v3.1.10 (3.1.10)

(/usr/share/texlive/texmf-dist/tex/generic/pgf/utilities/pgfkeys.code.tex
\pgfkeys@pathtoks=\toks36
\pgfkeys@temptoks=\toks37

(/usr/share/texlive/texmf-dist/tex/generic/pgf/utilities/pgfkeyslibraryfiltered
.code.tex
\pgfkeys@tmptoks=\toks38
))
\pgf@x=\dimen327
\pgf@y=\dimen328
\pgf@xa=\dimen329
\pgf@ya=\dimen330
\pgf@xb=\dimen331
\pgf@yb=\dimen332
\pgf@xc=\dimen333
\pgf@yc=\dimen334
\pgf@xd=\dimen335
\pgf@yd=\dimen336
\w@pgf@writea=\write4
\r@pgf@reada=\read3
\c@pgf@counta=\count348
\c@pgf@countb=\count349
\c@pgf@countc=\count350
\c@pgf@countd=\count351
\t@pgf@toka=\toks39
\t@pgf@tokb=\toks40
\t@pgf@tokc=\toks41
\pgf@sys@id@count=\count352
 (/usr/share/texlive/texmf-dist/tex/generic/pgf/systemlayer/pgf.cfg
File: pgf.cfg 2023-01-15 v3.1.10 (3.1.10)
)
Driver file for pgf: pgfsys-xetex.def
(/usr/share/texlive/texmf-dist/tex/generic/pgf/systemlayer/pgfsys-xetex.def
File: pgfsys-xetex.def 2023-01-15 v3.1.10 (3.1.10)

(/usr/share/texlive/texmf-dist/tex/generic/pgf/systemlayer/pgfsys-dvipdfmx.def
File: pgfsys-dvipdfmx.def 2023-01-15 v3.1.10 (3.1.10)

(/usr/share/texlive/texmf-dist/tex/generic/pgf/systemlayer/pgfsys-common-pdf.de
f
File: pgfsys-common-pdf.def 2023-01-15 v3.1.10 (3.1.10)
)
\pgfsys@objnum=\count353
)))
(/usr/share/texlive/texmf-dist/tex/generic/pgf/systemlayer/pgfsyssoftpath.code.
tex
File: pgfsyssoftpath.code.tex 2023-01-15 v3.1.10 (3.1.10)
\pgfsyssoftpath@smallbuffer@items=\count354
\pgfsyssoftpath@bigbuffer@items=\count355
)
(/usr/share/texlive/texmf-dist/tex/generic/pgf/systemlayer/pgfsysprotocol.code.
tex
File: pgfsysprotocol.code.tex 2023-01-15 v3.1.10 (3.1.10)
))
(/usr/share/texlive/texmf-dist/tex/generic/pgf/basiclayer/pgfcore.code.tex
Package: pgfcore 2023-01-15 v3.1.10 (3.1.10)

(/usr/share/texlive/texmf-dist/tex/generic/pgf/math/pgfmath.code.tex
(/usr/share/texlive/texmf-dist/tex/generic/pgf/math/pgfmathutil.code.tex)
(/usr/share/texlive/texmf-dist/tex/generic/pgf/math/pgfmathparser.code.tex
\pgfmath@dimen=\dimen337
\pgfmath@count=\count356
\pgfmath@box=\box125
\pgfmath@toks=\toks42
\pgfmath@stack@operand=\toks43
\pgfmath@stack@operation=\toks44
)
(/usr/share/texlive/texmf-dist/tex/generic/pgf/math/pgfmathfunctions.code.tex)
(/usr/share/texlive/texmf-dist/tex/generic/pgf/math/pgfmathfunctions.basic.code
.tex)
(/usr/share/texlive/texmf-dist/tex/generic/pgf/math/pgfmathfunctions.trigonomet
ric.code.tex)
(/usr/share/texlive/texmf-dist/tex/generic/pgf/math/pgfmathfunctions.random.cod
e.tex)
(/usr/share/texlive/texmf-dist/tex/generic/pgf/math/pgfmathfunctions.comparison
.code.tex)
(/usr/share/texlive/texmf-dist/tex/generic/pgf/math/pgfmathfunctions.base.code.
tex)
(/usr/share/texlive/texmf-dist/tex/generic/pgf/math/pgfmathfunctions.round.code
.tex)
(/usr/share/texlive/texmf-dist/tex/generic/pgf/math/pgfmathfunctions.misc.code.
tex)
(/usr/share/texlive/texmf-dist/tex/generic/pgf/math/pgfmathfunctions.integerari
thmetics.code.tex)
(/usr/share/texlive/texmf-dist/tex/generic/pgf/math/pgfmathcalc.code.tex)
(/usr/share/texlive/texmf-dist/tex/generic/pgf/math/pgfmathfloat.code.tex
\c@pgfmathroundto@lastzeros=\count357
))
(/usr/share/texlive/texmf-dist/tex/generic/pgf/math/pgfint.code.tex)
(/usr/share/texlive/texmf-dist/tex/generic/pgf/basiclayer/pgfcorepoints.code.te
x
File: pgfcorepoints.code.tex 2023-01-15 v3.1.10 (3.1.10)
\pgf@picminx=\dimen338
\pgf@picmaxx=\dimen339
\pgf@picminy=\dimen340
\pgf@picmaxy=\dimen341
\pgf@pathminx=\dimen342
\pgf@pathmaxx=\dimen343
\pgf@pathminy=\dimen344
\pgf@pathmaxy=\dimen345
\pgf@xx=\dimen346
\pgf@xy=\dimen347
\pgf@yx=\dimen348
\pgf@yy=\dimen349
\pgf@zx=\dimen350
\pgf@zy=\dimen351
)
(/usr/share/texlive/texmf-dist/tex/generic/pgf/basiclayer/pgfcorepathconstruct.
code.tex
File: pgfcorepathconstruct.code.tex 2023-01-15 v3.1.10 (3.1.10)
\pgf@path@lastx=\dimen352
\pgf@path@lasty=\dimen353
)
(/usr/share/texlive/texmf-dist/tex/generic/pgf/basiclayer/pgfcorepathusage.code
.tex
File: pgfcorepathusage.code.tex 2023-01-15 v3.1.10 (3.1.10)
\pgf@shorten@end@additional=\dimen354
\pgf@shorten@start@additional=\dimen355
)
(/usr/share/texlive/texmf-dist/tex/generic/pgf/basiclayer/pgfcorescopes.code.te
x
File: pgfcorescopes.code.tex 2023-01-15 v3.1.10 (3.1.10)
\pgfpic=\box126
\pgf@hbox=\box127
\pgf@layerbox@main=\box128
\pgf@picture@serial@count=\count358
)
(/usr/share/texlive/texmf-dist/tex/generic/pgf/basiclayer/pgfcoregraphicstate.c
ode.tex
File: pgfcoregraphicstate.code.tex 2023-01-15 v3.1.10 (3.1.10)
\pgflinewidth=\dimen356
)
(/usr/share/texlive/texmf-dist/tex/generic/pgf/basiclayer/pgfcoretransformation
s.code.tex
File: pgfcoretransformations.code.tex 2023-01-15 v3.1.10 (3.1.10)
\pgf@pt@x=\dimen357
\pgf@pt@y=\dimen358
\pgf@pt@temp=\dimen359
)
(/usr/share/texlive/texmf-dist/tex/generic/pgf/basiclayer/pgfcorequick.code.tex
File: pgfcorequick.code.tex 2023-01-15 v3.1.10 (3.1.10)
)
(/usr/share/texlive/texmf-dist/tex/generic/pgf/basiclayer/pgfcoreobjects.code.t
ex
File: pgfcoreobjects.code.tex 2023-01-15 v3.1.10 (3.1.10)
)
(/usr/share/texlive/texmf-dist/tex/generic/pgf/basiclayer/pgfcorepathprocessing
.code.tex
File: pgfcorepathprocessing.code.tex 2023-01-15 v3.1.10 (3.1.10)
)
(/usr/share/texlive/texmf-dist/tex/generic/pgf/basiclayer/pgfcorearrows.code.te
x
File: pgfcorearrows.code.tex 2023-01-15 v3.1.10 (3.1.10)
\pgfarrowsep=\dimen360
)
(/usr/share/texlive/texmf-dist/tex/generic/pgf/basiclayer/pgfcoreshade.code.tex
File: pgfcoreshade.code.tex 2023-01-15 v3.1.10 (3.1.10)
\pgf@max=\dimen361
\pgf@sys@shading@range@num=\count359
\pgf@shadingcount=\count360
)
(/usr/share/texlive/texmf-dist/tex/generic/pgf/basiclayer/pgfcoreimage.code.tex
File: pgfcoreimage.code.tex 2023-01-15 v3.1.10 (3.1.10)
)
(/usr/share/texlive/texmf-dist/tex/generic/pgf/basiclayer/pgfcoreexternal.code.
tex
File: pgfcoreexternal.code.tex 2023-01-15 v3.1.10 (3.1.10)
\pgfexternal@startupbox=\box129
)
(/usr/share/texlive/texmf-dist/tex/generic/pgf/basiclayer/pgfcorelayers.code.te
x
File: pgfcorelayers.code.tex 2023-01-15 v3.1.10 (3.1.10)
)
(/usr/share/texlive/texmf-dist/tex/generic/pgf/basiclayer/pgfcoretransparency.c
ode.tex
File: pgfcoretransparency.code.tex 2023-01-15 v3.1.10 (3.1.10)
)
(/usr/share/texlive/texmf-dist/tex/generic/pgf/basiclayer/pgfcorepatterns.code.
tex
File: pgfcorepatterns.code.tex 2023-01-15 v3.1.10 (3.1.10)
)
(/usr/share/texlive/texmf-dist/tex/generic/pgf/basiclayer/pgfcorerdf.code.tex
File: pgfcorerdf.code.tex 2023-01-15 v3.1.10 (3.1.10)
)))
(/usr/share/texlive/texmf-dist/tex/generic/pgf/modules/pgfmoduleshapes.code.tex
File: pgfmoduleshapes.code.tex 2023-01-15 v3.1.10 (3.1.10)
\pgfnodeparttextbox=\box130
) (/usr/share/texlive/texmf-dist/tex/generic/pgf/modules/pgfmoduleplot.code.tex
File: pgfmoduleplot.code.tex 2023-01-15 v3.1.10 (3.1.10)
)
(/usr/share/texlive/texmf-dist/tex/latex/pgf/compatibility/pgfcomp-version-0-65
.sty
Package: pgfcomp-version-0-65 2023-01-15 v3.1.10 (3.1.10)
\pgf@nodesepstart=\dimen362
\pgf@nodesepend=\dimen363
)
(/usr/share/texlive/texmf-dist/tex/latex/pgf/compatibility/pgfcomp-version-1-18
.sty
Package: pgfcomp-version-1-18 2023-01-15 v3.1.10 (3.1.10)
)) (/usr/share/texlive/texmf-dist/tex/latex/pgf/utilities/pgffor.sty
(/usr/share/texlive/texmf-dist/tex/latex/pgf/utilities/pgfkeys.sty
(/usr/share/texlive/texmf-dist/tex/generic/pgf/utilities/pgfkeys.code.tex))
(/usr/share/texlive/texmf-dist/tex/latex/pgf/math/pgfmath.sty
(/usr/share/texlive/texmf-dist/tex/generic/pgf/math/pgfmath.code.tex))
(/usr/share/texlive/texmf-dist/tex/generic/pgf/utilities/pgffor.code.tex
Package: pgffor 2023-01-15 v3.1.10 (3.1.10)
\pgffor@iter=\dimen364
\pgffor@skip=\dimen365
\pgffor@stack=\toks45
\pgffor@toks=\toks46
))
(/usr/share/texlive/texmf-dist/tex/generic/pgf/frontendlayer/tikz/tikz.code.tex
Package: tikz 2023-01-15 v3.1.10 (3.1.10)

(/usr/share/texlive/texmf-dist/tex/generic/pgf/libraries/pgflibraryplothandlers
.code.tex
File: pgflibraryplothandlers.code.tex 2023-01-15 v3.1.10 (3.1.10)
\pgf@plot@mark@count=\count361
\pgfplotmarksize=\dimen366
)
\tikz@lastx=\dimen367
\tikz@lasty=\dimen368
\tikz@lastxsaved=\dimen369
\tikz@lastysaved=\dimen370
\tikz@lastmovetox=\dimen371
\tikz@lastmovetoy=\dimen372
\tikzleveldistance=\dimen373
\tikzsiblingdistance=\dimen374
\tikz@figbox=\box131
\tikz@figbox@bg=\box132
\tikz@tempbox=\box133
\tikz@tempbox@bg=\box134
\tikztreelevel=\count362
\tikznumberofchildren=\count363
\tikznumberofcurrentchild=\count364
\tikz@fig@count=\count365

(/usr/share/texlive/texmf-dist/tex/generic/pgf/modules/pgfmodulematrix.code.tex
File: pgfmodulematrix.code.tex 2023-01-15 v3.1.10 (3.1.10)
\pgfmatrixcurrentrow=\count366
\pgfmatrixcurrentcolumn=\count367
\pgf@matrix@numberofcolumns=\count368
)
\tikz@expandcount=\count369

(/usr/share/texlive/texmf-dist/tex/generic/pgf/frontendlayer/tikz/libraries/tik
zlibrarytopaths.code.tex
File: tikzlibrarytopaths.code.tex 2023-01-15 v3.1.10 (3.1.10)
)))

Package fontspec Info: Font family 'Carlito(0)' created for font 'Carlito'
(fontspec)             with options [].
(fontspec)              
(fontspec)              This font family consists of the following NFSS
(fontspec)             series/shapes:
(fontspec)              
(fontspec)             - 'normal' (m/n) with NFSS spec.:
(fontspec)             <->"Carlito/OT:script=latn;language=dflt;"
(fontspec)             - 'small caps'  (m/sc) with NFSS spec.: 
(fontspec)             - 'bold' (b/n) with NFSS spec.:
(fontspec)             <->"Carlito/B/OT:script=latn;language=dflt;"
(fontspec)             - 'bold small caps'  (b/sc) with NFSS spec.: 
(fontspec)             - 'italic' (m/it) with NFSS spec.:
(fontspec)             <->"Carlito/I/OT:script=latn;language=dflt;"
(fontspec)             - 'italic small caps'  (m/scit) with NFSS spec.: 
(fontspec)             - 'bold italic' (b/it) with NFSS spec.:
(fontspec)             <->"Carlito/BI/OT:script=latn;language=dflt;"
(fontspec)             - 'bold italic small caps'  (b/scit) with NFSS spec.: 


Package fontspec Info: Could not resolve font "AR PL UMing CN/BI" (it probably
(fontspec)             doesn't exist).


Package fontspec Info: Could not resolve font "AR PL UMing CN/B" (it probably
(fontspec)             doesn't exist).


Package fontspec Info: Could not resolve font "AR PL UMing CN/I" (it probably
(fontspec)             doesn't exist).


Package fontspec Info: Font family 'ARPLUMingCN(0)' created for font 'AR PL
(fontspec)             UMing CN' with options [Script={CJK}].
(fontspec)              
(fontspec)              This font family consists of the following NFSS
(fontspec)             series/shapes:
(fontspec)              
(fontspec)             - 'normal' (m/n) with NFSS spec.: <->"AR PL UMing
(fontspec)             CN/OT:script=hani;language=dflt;"
(fontspec)             - 'small caps'  (m/sc) with NFSS spec.: 

\@indexfile=\write5
\openout5 = `hardware.idx'.


Writing index file hardware.idx
(./hardware.aux)
\openout1 = `hardware.aux'.

LaTeX Font Info:    Checking defaults for OML/cmm/m/it on input line 112.
LaTeX Font Info:    ... okay on input line 112.
LaTeX Font Info:    Checking defaults for OMS/cmsy/m/n on input line 112.
LaTeX Font Info:    ... okay on input line 112.
LaTeX Font Info:    Checking defaults for OT1/cmr/m/n on input line 112.
LaTeX Font Info:    ... okay on input line 112.
LaTeX Font Info:    Checking defaults for T1/cmr/m/n on input line 112.
LaTeX Font Info:    ... okay on input line 112.
LaTeX Font Info:    Checking defaults for TS1/cmr/m/n on input line 112.
LaTeX Font Info:    Trying to load font information for TS1+cmr on input line 1
12.
 (/usr/share/texlive/texmf-dist/tex/latex/base/ts1cmr.fd
File: ts1cmr.fd 2023/04/13 v2.5m Standard LaTeX font definitions
)
LaTeX Font Info:    ... okay on input line 112.
LaTeX Font Info:    Checking defaults for TU/lmr/m/n on input line 112.
LaTeX Font Info:    ... okay on input line 112.
LaTeX Font Info:    Checking defaults for OMX/cmex/m/n on input line 112.
LaTeX Font Info:    ... okay on input line 112.
LaTeX Font Info:    Checking defaults for U/cmr/m/n on input line 112.
LaTeX Font Info:    ... okay on input line 112.
LaTeX Font Info:    Checking defaults for PD1/pdf/m/n on input line 112.
LaTeX Font Info:    ... okay on input line 112.
LaTeX Font Info:    Checking defaults for PU/pdf/m/n on input line 112.
LaTeX Font Info:    ... okay on input line 112.

Package fontspec Info: Adjusting the maths setup (use [no-math] to avoid
(fontspec)             this).

\symlegacymaths=\mathgroup6
LaTeX Font Info:    Overwriting symbol font `legacymaths' in version `bold'
(Font)                  OT1/cmr/m/n --> OT1/cmr/bx/n on input line 112.
LaTeX Font Info:    Redeclaring math accent \acute on input line 112.
LaTeX Font Info:    Redeclaring math accent \grave on input line 112.
LaTeX Font Info:    Redeclaring math accent \ddot on input line 112.
LaTeX Font Info:    Redeclaring math accent \tilde on input line 112.
LaTeX Font Info:    Redeclaring math accent \bar on input line 112.
LaTeX Font Info:    Redeclaring math accent \breve on input line 112.
LaTeX Font Info:    Redeclaring math accent \check on input line 112.
LaTeX Font Info:    Redeclaring math accent \hat on input line 112.
LaTeX Font Info:    Redeclaring math accent \dot on input line 112.
LaTeX Font Info:    Redeclaring math accent \mathring on input line 112.
LaTeX Font Info:    Redeclaring math symbol \Gamma on input line 112.
LaTeX Font Info:    Redeclaring math symbol \Delta on input line 112.
LaTeX Font Info:    Redeclaring math symbol \Theta on input line 112.
LaTeX Font Info:    Redeclaring math symbol \Lambda on input line 112.
LaTeX Font Info:    Redeclaring math symbol \Xi on input line 112.
LaTeX Font Info:    Redeclaring math symbol \Pi on input line 112.
LaTeX Font Info:    Redeclaring math symbol \Sigma on input line 112.
LaTeX Font Info:    Redeclaring math symbol \Upsilon on input line 112.
LaTeX Font Info:    Redeclaring math symbol \Phi on input line 112.
LaTeX Font Info:    Redeclaring math symbol \Psi on input line 112.
LaTeX Font Info:    Redeclaring math symbol \Omega on input line 112.
LaTeX Font Info:    Redeclaring math symbol \mathdollar on input line 112.
LaTeX Font Info:    Redeclaring symbol font `operators' on input line 112.
LaTeX Font Info:    Encoding `OT1' has changed to `TU' for symbol font
(Font)              `operators' in the math version `normal' on input line 112.

LaTeX Font Info:    Overwriting symbol font `operators' in version `normal'
(Font)                  OT1/cmr/m/n --> TU/Carlito(0)/m/n on input line 112.
LaTeX Font Info:    Encoding `OT1' has changed to `TU' for symbol font
(Font)              `operators' in the math version `bold' on input line 112.
LaTeX Font Info:    Overwriting symbol font `operators' in version `bold'
(Font)                  OT1/cmr/bx/n --> TU/Carlito(0)/m/n on input line 112.
LaTeX Font Info:    Overwriting symbol font `operators' in version `normal'
(Font)                  TU/Carlito(0)/m/n --> TU/Carlito(0)/m/n on input line 1
12.
LaTeX Font Info:    Overwriting math alphabet `\mathit' in version `normal'
(Font)                  OT1/cmr/m/it --> TU/Carlito(0)/m/it on input line 112.
LaTeX Font Info:    Overwriting math alphabet `\mathbf' in version `normal'
(Font)                  OT1/cmr/bx/n --> TU/Carlito(0)/b/n on input line 112.
LaTeX Font Info:    Overwriting math alphabet `\mathsf' in version `normal'
(Font)                  OT1/cmss/m/n --> TU/FreeSans(0)/m/n on input line 112.
LaTeX Font Info:    Overwriting math alphabet `\mathtt' in version `normal'
(Font)                  OT1/cmtt/m/n --> TU/FreeMono(0)/m/n on input line 112.
LaTeX Font Info:    Overwriting symbol font `operators' in version `bold'
(Font)                  TU/Carlito(0)/m/n --> TU/Carlito(0)/b/n on input line 1
12.
LaTeX Font Info:    Overwriting math alphabet `\mathit' in version `bold'
(Font)                  OT1/cmr/bx/it --> TU/Carlito(0)/b/it on input line 112.

LaTeX Font Info:    Overwriting math alphabet `\mathsf' in version `bold'
(Font)                  OT1/cmss/bx/n --> TU/FreeSans(0)/b/n on input line 112.

LaTeX Font Info:    Overwriting math alphabet `\mathtt' in version `bold'
(Font)                  OT1/cmtt/m/n --> TU/FreeMono(0)/b/n on input line 112.

(/usr/share/texlive/texmf-dist/tex/latex/fontawesome5/fontawesome5.sty
Package: fontawesome5 2022/05/02 v5.15.4 Font Awesome 5

(/usr/share/texlive/texmf-dist/tex/latex/l3packages/l3keys2e/l3keys2e.sty
Package: l3keys2e 2023-10-10 LaTeX2e option processing using LaTeX3 keys
)
(/usr/share/texlive/texmf-dist/tex/latex/fontawesome5/fontawesome5-utex-helper.
sty
Package: fontawesome5-utex-helper 2022/05/02 v5.15.4 uTeX helper for fontawesom
e5
LaTeX Font Info:    Trying to load font information for TU+fontawesomefree on i
nput line 69.
 (/usr/share/texlive/texmf-dist/tex/latex/fontawesome5/tufontawesomefree.fd)
LaTeX Font Info:    Trying to load font information for TU+fontawesomebrands on
 input line 70.
(/usr/share/texlive/texmf-dist/tex/latex/fontawesome5/tufontawesomebrands.fd)))
\c@literalblock=\count370
*geometry* driver: auto-detecting
*geometry* detected driver: xetex
*geometry* verbose mode - [ preamble ] result:
* driver: xetex
* paper: a4paper
* layout: <same size as paper>
* layoutoffset:(h,v)=(0.0pt,0.0pt)
* modes: twoside 
* h-part:(L,W,R)=(56.9055pt, 483.69687pt, 56.9055pt)
* v-part:(T,H,B)=(56.9055pt, 731.23584pt, 56.9055pt)
* \paperwidth=597.50787pt
* \paperheight=845.04684pt
* \textwidth=483.69687pt
* \textheight=731.23584pt
* \oddsidemargin=-15.36449pt
* \evensidemargin=-15.36449pt
* \topmargin=-52.36449pt
* \headheight=12.0pt
* \headsep=25.0pt
* \topskip=10.0pt
* \footskip=30.0pt
* \marginparwidth=36.135pt
* \marginparsep=11.0pt
* \columnsep=10.0pt
* \skip\footins=9.0pt plus 4.0pt minus 2.0pt
* \hoffset=0.0pt
* \voffset=0.0pt
* \mag=1000
* \@twocolumnfalse
* \@twosidetrue
* \@mparswitchtrue
* \@reversemarginfalse
* (1in=72.27pt=25.4mm, 1cm=28.453pt)

Package hyperref Info: Link coloring ON on input line 112.
(./hardware.out) (./hardware.out)
\@outlinefile=\write6
\openout6 = `hardware.out'.

LaTeX Info: Redefining \rmfamily on input line 112.
LaTeX Info: Redefining \sffamily on input line 112.
LaTeX Info: Redefining \ttfamily on input line 112.
File: ../../_static/logo.png Graphic file (type bmp)
<../../_static/logo.png>
 [1

] (./hardware.toc
LaTeX Info: Redefining \rmfamily on input line 2.
LaTeX Info: Redefining \sffamily on input line 2.
LaTeX Info: Redefining \ttfamily on input line 2.
LaTeX Font Info:    Trying to load font information for U+msa on input line 4.

(/usr/share/texlive/texmf-dist/tex/latex/amsfonts/umsa.fd
File: umsa.fd 2013/01/14 v3.01 AMS symbols A
)
LaTeX Font Info:    Trying to load font information for U+msb on input line 4.

(/usr/share/texlive/texmf-dist/tex/latex/amsfonts/umsb.fd
File: umsb.fd 2013/01/14 v3.01 AMS symbols B
) [1

] [2])
\tf@toc=\write7
\openout7 = `hardware.toc'.

 [3]
Chapter .

LaTeX Font Warning: Font shape `TU/ARPLUMingCN(0)/b/n' undefined
(Font)              using `TU/ARPLUMingCN(0)/m/n' instead on input line 201.

LaTeX Font Info:    Font shape `TU/FreeMono(0)/m/n' will be
(Font)              scaled to size 8.99994pt on input line 229.
File: 6e9c9552c17a4110894efeba569b442a.png Graphic file (type bmp)
<6e9c9552c17a4110894efeba569b442a.png>
[1


]
File: 93f7664592494313ab7b0f44df8085b2.png Graphic file (type bmp)
<93f7664592494313ab7b0f44df8085b2.png>

Underfull \hbox (badness 10000) in paragraph at lines 240--242
[][][]$[][][][][] [] [] [] [][][] [] [][][] [] [][][] [] [][] [] [][][][][][][]
[] [] [][][][][][][][][][][][][][][][][][][][][][][][][][][][][][][][][] [] [][
][][][][][][][][][][][][][] [] [][][][][][][][][][][][][][][][][][][][][][][][]
[][][][][][][] []
 []

[2]
Chapter .
File: 56cb26ad7a75406fab91666674e3fa58.png Graphic file (type bmp)
<56cb26ad7a75406fab91666674e3fa58.png>
File: e015c43758954a63b31c820ad880c0d0.png Graphic file (type bmp)
<e015c43758954a63b31c820ad880c0d0.png>
[3

] [4] [5]
File: d93d62070e6847f48e0bb8ee3ef0f68d.png Graphic file (type bmp)
<d93d62070e6847f48e0bb8ee3ef0f68d.png>

Overfull \hbox (25.18066pt too wide) in paragraph at lines 574--576
[]\TU/Carlito(0)/m/n/10 Figure
 []

File: ee16e760f47d4028b9b19c68ae64d37d.png Graphic file (type bmp)
<ee16e760f47d4028b9b19c68ae64d37d.png>

Overfull \hbox (25.18066pt too wide) in paragraph at lines 577--579
[][]\TU/Carlito(0)/m/n/10 Figure
 []

[6]
File: a565f2b0773f46318987b18ca2c550fd.png Graphic file (type bmp)
<a565f2b0773f46318987b18ca2c550fd.png>

Underfull \hbox (badness 10000) in paragraph at lines 608--610
[]\TU/Carlito(0)/m/n/10 Connector 314p Gold Finger for detailed dimensions of t
he module structure, re-
 []


Underfull \hbox (badness 10000) in paragraph at lines 608--610
\TU/Carlito(0)/m/n/10 fer to  |\TU/ARPLUMingCN(0)/m/n/10 \TU/Carlito(0)/m/n/10
 SMARC 2.1.1 Specification 2020-05-20\TU/ARPLUMingCN(0)/m/n/10 | \TU/Carlito(0
)/m/n/10 5.3 Module Outline  |\TU/ARPLUMingCN(0)/m/n/10 | \TU/Carlito(0)/m/n/1
0 82x50mm Mod-
 []


Overfull \hbox (15.04883pt too wide) in paragraph at lines 608--610
\TU/Carlito(0)/m/n/10 ule.[] 
 []

[7]
File: b4f4c260ef204d758137ccba4c89c1dc.png Graphic file (type bmp)
<b4f4c260ef204d758137ccba4c89c1dc.png>
 [8] [9] [10]
Chapter .
File: 14a63d1ed6f14b07868cf61865c400ad.png Graphic file (type bmp)
<14a63d1ed6f14b07868cf61865c400ad.png>
File: a9a69d8d841149e6a91d54d0545bc1ef.png Graphic file (type bmp)
<a9a69d8d841149e6a91d54d0545bc1ef.png>
[11

]
File: 19ae03a975664170b3284b0b9a3731db.png Graphic file (type bmp)
<19ae03a975664170b3284b0b9a3731db.png>
File: ece919dd84234b1dbeed70bb0edef4a3.png Graphic file (type bmp)
<ece919dd84234b1dbeed70bb0edef4a3.png>
 [12]
File: e982c42b5099418c89925ef2bfe2e03e.png Graphic file (type bmp)
<e982c42b5099418c89925ef2bfe2e03e.png>
 [13] [14] [15] [16] [17] [18] [19] [20]
Chapter .
[21

] [22]
File: e89c58ae65c9434baa8281dcc0ced4f6.png Graphic file (type bmp)
<e89c58ae65c9434baa8281dcc0ced4f6.png>
 [23] [24] [25] [26]
Underfull \hbox (badness 10000) in paragraph at lines 7641--7641
[]\TU/FreeSans(0)/b/n/10 Num-
 []


Overfull \hbox (2.92313pt too wide) in paragraph at lines 7641--7641
[]\TU/Carlito(0)/m/n/10 GBE0_LINK1000#| 
 []


Overfull \hbox (3.59695pt too wide) in paragraph at lines 7641--7641
[]\TU/Carlito(0)/m/n/10 GBE0_LINK_ACT#| 
 []


Underfull \hbox (badness 10000) in paragraph at lines 7786--7786
[]\TU/FreeSans(0)/b/n/10 Num-
 []


Overfull \hbox (2.92313pt too wide) in paragraph at lines 7786--7786
[]\TU/Carlito(0)/m/n/10 GBE1_LINK1000#| 
 []


Overfull \hbox (3.59695pt too wide) in paragraph at lines 7786--7786
[]\TU/Carlito(0)/m/n/10 GBE1_LINK_ACT#| 
 []

[27] [28] [29] [30] [31] [32] [33]
Overfull \hbox (1.24152pt too wide) in paragraph at lines 9710--9710
[]\TU/FreeSans(0)/b/n/10 Num-
 []


Overfull \hbox (5.3348pt too wide) in paragraph at lines 9710--9710
[]\TU/Carlito(0)/m/n/10 SMB_ALERT#| 
 []


Overfull \hbox (25.19807pt too wide) in paragraph at lines 9710--9710
[]\TU/Carlito(0)/m/n/10 WDT_TIME_OUT#| 
 []


Underfull \hbox (badness 10000) in paragraph at lines 9710--9710
[]\TU/Carlito(0)/m/n/10 CHARG-
 []


Overfull \hbox (27.36604pt too wide) in paragraph at lines 9710--9710
[]\TU/Carlito(0)/m/n/10 CHARGER_PRSNT#| 
 []


Underfull \hbox (badness 10000) in paragraph at lines 9710--9710
[]\TU/Carlito(0)/m/n/10 CAR-
 []

[34] [35]
Underfull \hbox (badness 10000) in paragraph at lines 9952--9952
[]\TU/Carlito(0)/m/n/10 Product Descrip-
 []


Underfull \hbox (badness 10000) in paragraph at lines 10030--10030
[]\TU/FreeSans(0)/b/n/10 Fea-
 []


Underfull \hbox (badness 10000) in paragraph at lines 10030--10030
[]\TU/Carlito(0)/m/n/10 WLAN
 []


Underfull \hbox (badness 10000) in paragraph at lines 10030--10030
\TU/Carlito(0)/m/n/10 Stan-
 []


Underfull \hbox (badness 10000) in paragraph at lines 10030--10030
[]\TU/Carlito(0)/m/n/10 WLAN
 []


Underfull \hbox (badness 10000) in paragraph at lines 10030--10030
[]\TU/Carlito(0)/m/n/10 WLAN
 []


Overfull \hbox (5.03136pt too wide) in paragraph at lines 10030--10030
\TU/Carlito(0)/m/n/10 SVID/SPID| 
 []


Underfull \hbox (badness 10000) in paragraph at lines 10030--10030
[]\TU/Carlito(0)/m/n/10 Fre-
 []


Underfull \hbox (badness 10000) in paragraph at lines 10030--10030
\TU/Carlito(0)/m/n/10 quency
 []


Underfull \hbox (badness 10000) in paragraph at lines 10030--10030
[]\TU/Carlito(0)/m/n/10 Modula-
 []


Underfull \hbox (badness 10000) in paragraph at lines 10030--10030
[]\TU/Carlito(0)/m/n/10 Number
 []


Underfull \hbox (badness 10000) in paragraph at lines 10030--10030
[]\TU/Carlito(0)/m/n/10 Data
 []

[36]
Missing character: There is no  (U+2103) in font Carlito Regular/OT:script=lat
n;language=dflt;!
Missing character: There is no  (U+2103) in font Carlito Regular/OT:script=lat
n;language=dflt;!
Missing character: There is no  (U+2103) in font Carlito Regular/OT:script=lat
n;language=dflt;!
Missing character: There is no  (U+2103) in font Carlito Regular/OT:script=lat
n;language=dflt;!
Missing character: There is no  (U+2103) in font Carlito Regular/OT:script=lat
n;language=dflt;!
Missing character: There is no  (U+2103) in font Carlito Regular/OT:script=lat
n;language=dflt;!
Missing character: There is no  (U+2103) in font Carlito Regular/OT:script=lat
n;language=dflt;!
Missing character: There is no  (U+2103) in font Carlito Regular/OT:script=lat
n;language=dflt;!

Overfull \hbox (10.32565pt too wide) in paragraph at lines 10240--10240
[]\TU/FreeSans(0)/b/n/10 Name| 
 []


Underfull \hbox (badness 10000) in paragraph at lines 10240--10240
[]\TU/FreeSans(0)/b/n/10 De-
 []


Overfull \hbox (2.62967pt too wide) in paragraph at lines 10240--10240
\TU/FreeSans(0)/b/n/10 scrip-
 []


Overfull \hbox (14.69925pt too wide) in paragraph at lines 10240--10240
[]\TU/Carlito(0)/m/n/10 VDD_IN| 
 []


Overfull \hbox (21.05667pt too wide) in paragraph at lines 10240--10240
[]\TU/Carlito(0)/m/n/10 VDD_RTC| 
 []


Overfull \hbox (1.68167pt too wide) in paragraph at lines 10240--10240
[]\TU/Carlito(0)/m/n/10 GND| 
 []


Overfull \hbox (3.30081pt too wide) in paragraph at lines 10321--10321
[]\TU/FreeSans(0)/b/n/10 Num-
 []


Underfull \hbox (badness 10000) in paragraph at lines 10321--10321
[]\TU/Carlito(0)/m/n/10 CAR-
 []


Overfull \hbox (15.59566pt too wide) in paragraph at lines 10321--10321
\TU/Carlito(0)/m/n/10 RIER_PWR_ON| 
 []


Underfull \hbox (badness 10000) in paragraph at lines 10321--10321
[]\TU/Carlito(0)/m/n/10 RE-
 []


Overfull \hbox (12.18745pt too wide) in paragraph at lines 10321--10321
[]\TU/Carlito(0)/m/n/10 POWER_BTN#| 
 []


Overfull \hbox (21.16695pt too wide) in paragraph at lines 10321--10321
[]\TU/Carlito(0)/m/n/10 VIN_PWR_BAD#| 
 []

[37]
Underfull \hbox (badness 10000) in paragraph at lines 10417--10417
[]\TU/FreeSans(0)/b/n/10 Num-
 []


Overfull \hbox (0.5334pt too wide) in paragraph at lines 10417--10417
[]\TU/Carlito(0)/m/n/10 FORCE_RECOV#| 
 []

[38]
Chapter .
[39

] [40] [41] [42] [43] [44] [45]
Chapter .
[46

]
Chapter .
Missing character: There is no  (U+2103) in font Carlito Regular/OT:script=lat
n;language=dflt;!
Missing character: There is no  (U+2103) in font Carlito Regular/OT:script=lat
n;language=dflt;!
Missing character: There is no  (U+2103) in font Carlito Regular/OT:script=lat
n;language=dflt;!
Missing character: There is no  (U+2103) in font Carlito Regular/OT:script=lat
n;language=dflt;!
Missing character: There is no  (U+2103) in font Carlito Regular/OT:script=lat
n;language=dflt;!
Missing character: There is no  (U+2103) in font Carlito Regular/OT:script=lat
n;language=dflt;!
Missing character: There is no  (U+2103) in font Carlito Regular/OT:script=lat
n;language=dflt;!
Missing character: There is no  (U+2103) in font Carlito Regular/OT:script=lat
n;language=dflt;!
Missing character: There is no  (U+2103) in font Carlito Regular/OT:script=lat
n;language=dflt;!
Missing character: There is no  (U+2103) in font Carlito Regular/OT:script=lat
n;language=dflt;!
[47

]
Chapter .
File: 8d46fa22b58145f0b488f8c226c771e2.png Graphic file (type bmp)
<8d46fa22b58145f0b488f8c226c771e2.png>
File: c7588ee02b324c128a13d38e6542d629.png Graphic file (type bmp)
<c7588ee02b324c128a13d38e6542d629.png>
[48

] [49]
Overfull \hbox (9.69pt too wide) in paragraph at lines 15395--15395
[]\TU/FreeSans(0)/m/n/10 Func-
 []


Overfull \hbox (1.4502pt too wide) in paragraph at lines 15395--15395
[]\TU/Carlito(0)/m/n/10 USB
 []


Overfull \hbox (1.4502pt too wide) in paragraph at lines 15395--15395
[]\TU/Carlito(0)/m/n/10 USB
 []


Overfull \hbox (1.4502pt too wide) in paragraph at lines 15395--15395
[]\TU/Carlito(0)/m/n/10 USB
 []


Underfull \hbox (badness 10000) in paragraph at lines 15395--15395
\TU/Carlito(0)/m/n/10 2.0
 []


Overfull \hbox (2.2461pt too wide) in paragraph at lines 15395--15395
\TU/Carlito(0)/m/n/10 OTG| 
 []


Overfull \hbox (3.75488pt too wide) in paragraph at lines 15395--15395
[]\TU/Carlito(0)/m/n/10 MIPI
 []


Overfull \hbox (3.75488pt too wide) in paragraph at lines 15395--15395
[]\TU/Carlito(0)/m/n/10 MIPI
 []


Overfull \hbox (4.90723pt too wide) in paragraph at lines 15395--15395
[]\TU/Carlito(0)/m/n/10 LVDS| 
 []


Overfull \hbox (8.45215pt too wide) in paragraph at lines 15395--15395
[]\TU/Carlito(0)/m/n/10 HDMI| 
 []


Overfull \hbox (1.43066pt too wide) in paragraph at lines 15395--15395
[]\TU/Carlito(0)/m/n/10 Eth-
 []


Underfull \hbox (badness 10000) in paragraph at lines 15395--15395
\TU/Carlito(0)/m/n/10 er-
 []


Overfull \hbox (2.90039pt too wide) in paragraph at lines 15395--15395
[]\TU/Carlito(0)/m/n/10 PCIE
 []


Underfull \hbox (badness 10000) in paragraph at lines 15395--15395
[]\TU/Carlito(0)/m/n/10 TF
 []


Overfull \hbox (3.72559pt too wide) in paragraph at lines 15395--15395
\TU/Carlito(0)/m/n/10 Card| 
 []


Overfull \hbox (11.61621pt too wide) in paragraph at lines 15395--15395
[]\TU/Carlito(0)/m/n/10 4G/5G| 
 []


Underfull \hbox (badness 10000) in paragraph at lines 15395--15395
[]\TU/Carlito(0)/m/n/10 Au-
 []


Overfull \hbox (13.32031pt too wide) in paragraph at lines 15395--15395
[]\TU/Carlito(0)/m/n/10 CANFD| 
 []


Overfull \hbox (10.09766pt too wide) in paragraph at lines 15395--15395
[]\TU/Carlito(0)/m/n/10 RS485| 
 []


Overfull \hbox (4.00879pt too wide) in paragraph at lines 15395--15395
[]\TU/Carlito(0)/m/n/10 QSPI| 
 []


Underfull \hbox (badness 10000) in paragraph at lines 15395--15395
[]\TU/Carlito(0)/m/n/10 De-
 []


Overfull \hbox (7.1875pt too wide) in paragraph at lines 15395--15395
\TU/Carlito(0)/m/n/10 UART| 
 []


Overfull \hbox (7.1875pt too wide) in paragraph at lines 15395--15395
[]\TU/Carlito(0)/m/n/10 UART| 
 []


Overfull \hbox (7.6123pt too wide) in paragraph at lines 15395--15395
[]\TU/Carlito(0)/m/n/10 PWM| 
 []


Overfull \hbox (5.61523pt too wide) in paragraph at lines 15395--15395
[]\TU/Carlito(0)/m/n/10 GPIO| 
 []

[50] [51]
File: 5b6f3c29e63a4196a856db02410d7ac1.png Graphic file (type bmp)
<5b6f3c29e63a4196a856db02410d7ac1.png>
 [52]
Chapter .
File: fcbde94f07e04595929516e7fb34e463.png Graphic file (type bmp)
<fcbde94f07e04595929516e7fb34e463.png>
File: 13df717fda2346cbbb94b1fa00eecf9c.png Graphic file (type bmp)
<13df717fda2346cbbb94b1fa00eecf9c.png>
[53

]
File: b7b4ffbd4f2945ffa5f9813916763cd5.png Graphic file (type bmp)
<b7b4ffbd4f2945ffa5f9813916763cd5.png>
File: 0e91bb45812042b297d790f942af0ea8.png Graphic file (type bmp)
<0e91bb45812042b297d790f942af0ea8.png>
 [54]
File: c8cb5c9705b94fc0935d9b6e17317d22.png Graphic file (type bmp)
<c8cb5c9705b94fc0935d9b6e17317d22.png>
File: f0ec22a093084f5fa52eb60ffbc525c5.png Graphic file (type bmp)
<f0ec22a093084f5fa52eb60ffbc525c5.png>
 [55]
File: 78f2084a054644d8b9c986104c598c1c.png Graphic file (type bmp)
<78f2084a054644d8b9c986104c598c1c.png>
File: 00d1f8e71d8f486384793740df83d9f2.png Graphic file (type bmp)
<00d1f8e71d8f486384793740df83d9f2.png>
 [56]
File: 8b4feb6bb7c74a8f8bf49c46b90b94ed.png Graphic file (type bmp)
<8b4feb6bb7c74a8f8bf49c46b90b94ed.png>
 [57]
File: 7a326207df71420bbde19a972ed60759.png Graphic file (type bmp)
<7a326207df71420bbde19a972ed60759.png>
File: 7d7a166ba37441b4b6a32cac4f9e221c.png Graphic file (type bmp)
<7d7a166ba37441b4b6a32cac4f9e221c.png>
 [58]
File: cd710ed6964340b29d0813ba29098e09.png Graphic file (type bmp)
<cd710ed6964340b29d0813ba29098e09.png>
File: a6db99da4fb54dd5a54b14e257d491b5.png Graphic file (type bmp)
<a6db99da4fb54dd5a54b14e257d491b5.png>
 [59]
File: a0de7d31b12149eb83d2fbf640ab70a4.png Graphic file (type bmp)
<a0de7d31b12149eb83d2fbf640ab70a4.png>
 [60]
File: d78905baa8084597a5186b81a73e2552.png Graphic file (type bmp)
<d78905baa8084597a5186b81a73e2552.png>
File: 47e7f706b0c341e6acb8c4f464d2f86a.png Graphic file (type bmp)
<47e7f706b0c341e6acb8c4f464d2f86a.png>
 [61]
File: 14fcc79150414c009b8d4287f09f43ad.png Graphic file (type bmp)
<14fcc79150414c009b8d4287f09f43ad.png>
File: 1b80a867026a42a28293c7560bf2e0f1.png Graphic file (type bmp)
<1b80a867026a42a28293c7560bf2e0f1.png>
File: e9081054db8e4c3285afaee092b54705.png Graphic file (type bmp)
<e9081054db8e4c3285afaee092b54705.png>
 [62]
File: f9adb4d2c6554d398017a0543325c279.png Graphic file (type bmp)
<f9adb4d2c6554d398017a0543325c279.png>
 [63]
File: 331ce5d58161480d856612ce4881ec18.png Graphic file (type bmp)
<331ce5d58161480d856612ce4881ec18.png>
File: 39352191133f4c59baa980fe6aa2dfa5.png Graphic file (type bmp)
<39352191133f4c59baa980fe6aa2dfa5.png>
 [64]
File: b407697caa9d44ca806a7832efec78d1.png Graphic file (type bmp)
<b407697caa9d44ca806a7832efec78d1.png>
File: 1dac101484d345baa86242ee871dd88a.png Graphic file (type bmp)
<1dac101484d345baa86242ee871dd88a.png>
 [65]
File: 2454a4bbe21e4a28932a2d0a71aaab76.png Graphic file (type bmp)
<2454a4bbe21e4a28932a2d0a71aaab76.png>
File: fcf4b0eec80f4129bc1835fcea494956.png Graphic file (type bmp)
<fcf4b0eec80f4129bc1835fcea494956.png>
 [66]
File: b41b6fc4e09e4488a142bef822dac311.png Graphic file (type bmp)
<b41b6fc4e09e4488a142bef822dac311.png>
File: f909b5b6ea4b45f5b548dab42cb71d35.png Graphic file (type bmp)
<f909b5b6ea4b45f5b548dab42cb71d35.png>
 [67]
File: 50b8f7a3846149b8897b409b859fb70a.png Graphic file (type bmp)
<50b8f7a3846149b8897b409b859fb70a.png>
File: a9bfd0894e424b6cba5c2e4318aadc40.png Graphic file (type bmp)
<a9bfd0894e424b6cba5c2e4318aadc40.png>

[68] [69]
File: 37fc76fc8fae4686a316924874ff52f5.png Graphic file (type bmp)
<37fc76fc8fae4686a316924874ff52f5.png>
 [70] [71]
File: 125d08b104444be686a16c15315b5c9b.png Graphic file (type bmp)
<125d08b104444be686a16c15315b5c9b.png>
File: a0756013fcc54cc58f24aceee1e08c27.png Graphic file (type bmp)
<a0756013fcc54cc58f24aceee1e08c27.png>
 [72]
File: 95cbf5f349ac43ef86fa7f39010b6029.png Graphic file (type bmp)
<95cbf5f349ac43ef86fa7f39010b6029.png>
 [73]
File: 6161e818e17e42398fa114f94d304d6c.png Graphic file (type bmp)
<6161e818e17e42398fa114f94d304d6c.png>
File: 86fe2a1aae874941af906eae7e49815c.png Graphic file (type bmp)
<86fe2a1aae874941af906eae7e49815c.png>
 [74]
File: c3705b22bab74340a3022319dca4eb1d.png Graphic file (type bmp)
<c3705b22bab74340a3022319dca4eb1d.png>
 [75] [76]
File: 34c6e85679cd4ef6985024f274c3a47c.png Graphic file (type bmp)
<34c6e85679cd4ef6985024f274c3a47c.png>
File: f35928c17c00475980ea6a9153dec52a.png Graphic file (type bmp)
<f35928c17c00475980ea6a9153dec52a.png>
 [77] [78] [79]
File: f62e997efc0b4d0e812298964eadd926.png Graphic file (type bmp)
<f62e997efc0b4d0e812298964eadd926.png>
File: 873c14fa7b2a47b49319b9150dd00723.png Graphic file (type bmp)
<873c14fa7b2a47b49319b9150dd00723.png>
 [80]
File: 301f6a3d9fe942cd9093a4fc4118d160.png Graphic file (type bmp)
<301f6a3d9fe942cd9093a4fc4118d160.png>
 [81]
File: 0954710209dd4e6fb89a7eb9c0e0e0ed.png Graphic file (type bmp)
<0954710209dd4e6fb89a7eb9c0e0e0ed.png>
 [82]
File: 2f86d2bb4a214919b68a7717400b775a.png Graphic file (type bmp)
<2f86d2bb4a214919b68a7717400b775a.png>
File: 58ba908fbca64b99806d08682da99ad3.png Graphic file (type bmp)
<58ba908fbca64b99806d08682da99ad3.png>

[83]
File: 4b1892272a964b36a3ef0ede85480f63.png Graphic file (type bmp)
<4b1892272a964b36a3ef0ede85480f63.png>
 [84]
File: 3777451b826f44ee98d9906733aa0b66.png Graphic file (type bmp)
<3777451b826f44ee98d9906733aa0b66.png>
File: 09e4195f996941dea850a005f4b92568.png Graphic file (type bmp)
<09e4195f996941dea850a005f4b92568.png>
 [85]
File: 3f27b10c83034f72a391e371ae647333.png Graphic file (type bmp)
<3f27b10c83034f72a391e371ae647333.png>
 [86]
File: 89e4835fd56b4fd6b545939dc42585ef.png Graphic file (type bmp)
<89e4835fd56b4fd6b545939dc42585ef.png>
File: e866396d3bc1476fb63c471c5dff7e43.png Graphic file (type bmp)
<e866396d3bc1476fb63c471c5dff7e43.png>
 [87]
File: f13676df21034bfa8941511bfeca8ce1.png Graphic file (type bmp)
<f13676df21034bfa8941511bfeca8ce1.png>
 [88]
File: 2b196cdf32854aa5a443bd7a246cbf89.png Graphic file (type bmp)
<2b196cdf32854aa5a443bd7a246cbf89.png>
 [89]
Chapter .
[90

] [91]
Chapter .
File: e8f7cf3d16bf40a690b1e2c2471be0dc.png Graphic file (type bmp)
<e8f7cf3d16bf40a690b1e2c2471be0dc.png>
File: 627f486ea198413eb29bcb3be2000900.png Graphic file (type bmp)
<627f486ea198413eb29bcb3be2000900.png>
[92

] (./hardware.ind) [93] (./hardware.aux)
 ***********
LaTeX2e <2023-11-01> patch level 1
L3 programming layer <2022/08/05>
 ***********


LaTeX Font Warning: Some font shapes were not available, defaults substituted.

Package rerunfilecheck Info: File `hardware.out' has not changed.
(rerunfilecheck)             Checksum: 4CD01147F54BAA4D6AEFE77DB7AE7DB6;25041.
 ) 
Here is how much of TeX's memory you used:
 33304 strings out of 476443
 723508 string characters out of 5793962
 2060627 words of memory out of 5000000
 54538 multiletter control sequences out of 15000+600000
 562070 words of font info for 106 fonts, out of 8000000 for 9000
 265 hyphenation exceptions out of 8191
 84i,12n,93p,1248b,612s stack positions out of 10000i,1000n,20000p,200000b,200000s

Output written on hardware.pdf (97 pages).
