\BOOKMARK [0][-]{chapter.1}{\376\377\0001\000.\000\040\000D\000e\000v\000e\000l\000o\000p\000m\000e\000n\000t\000\040\000B\000o\000a\000r\000d\000\040\000D\000e\000s\000c\000r\000i\000p\000t\000i\000o\000n\117\140\131\175\000a\000a\000a\000a\0003\0003\0003\0003\000f}{}% 1
\BOOKMARK [1][-]{section*.3}{\376\377\0001\000.\0001\000\040\000O\000K\000-\000M\000X\0008\000M\000P\000Q\000-\000S\000M\000A\000R\000C\000\040\000D\000e\000v\000e\000l\000o\000p\000m\000e\000n\000t\000\040\000B\000o\000a\000r\000d\000\040\000D\000e\000s\000c\000r\000i\000p\000t\000i\000o\000n}{chapter.1}% 2
\BOOKMARK [1][-]{section*.4}{\376\377\0001\000.\0002\000\040\000I\000n\000t\000r\000o\000d\000u\000c\000t\000i\000o\000n\000\040\000t\000o\000\040\000L\000i\000n\000u\000x\000\040\0006\000.\0001\000.\0003\0006\000\040\000S\000y\000s\000t\000e\000m\000\040\000S\000o\000f\000t\000w\000a\000r\000e\000\040\000R\000e\000s\000o\000u\000r\000c\000e\000s}{chapter.1}% 3
\BOOKMARK [1][-]{section*.5}{\376\377\0001\000.\0003\000\040\000F\000l\000a\000s\000h\000i\000n\000g\000\040\000a\000n\000d\000\040\000B\000o\000o\000t\000\040\000S\000e\000t\000t\000i\000n\000g\000s}{chapter.1}% 4
\BOOKMARK [0][-]{chapter.2}{\376\377\0002\000.\000\040\000F\000a\000s\000t\000\040\000S\000t\000a\000r\000t\000u\000p}{}% 5
\BOOKMARK [1][-]{section*.6}{\376\377\0002\000.\0001\000\040\000P\000r\000e\000p\000a\000r\000a\000t\000i\000o\000n\000\040\000B\000e\000f\000o\000r\000e\000\040\000S\000t\000a\000r\000t\000u\000p}{chapter.2}% 6
\BOOKMARK [1][-]{section*.7}{\376\377\0002\000.\0002\000\040\000S\000e\000r\000i\000a\000l\000\040\000L\000o\000g\000i\000n}{chapter.2}% 7
\BOOKMARK [2][-]{subsection*.8}{\376\377\0002\000.\0002\000.\0001\000\040\000S\000e\000r\000i\000a\000l\000\040\000L\000o\000g\000i\000n}{section*.7}% 8
\BOOKMARK [2][-]{subsection*.9}{\376\377\0002\000.\0002\000.\0002\000\040\000S\000e\000r\000i\000a\000l\000\040\000L\000o\000g\000i\000n\000\040\000C\000o\000m\000m\000o\000n\000\040\000P\000r\000o\000b\000l\000e\000m\000s}{section*.7}% 9
\BOOKMARK [1][-]{section*.10}{\376\377\0002\000.\0003\000\040\000N\000e\000t\000w\000o\000r\000k\000\040\000L\000o\000g\000i\000n\000\040\000M\000e\000t\000h\000o\000d\000s}{chapter.2}% 10
\BOOKMARK [2][-]{subsection*.11}{\376\377\0002\000.\0003\000.\0001\000\040\000N\000e\000t\000w\000o\000r\000k\000\040\000C\000o\000n\000n\000e\000c\000t\000i\000o\000n\000\040\000T\000e\000s\000t}{section*.10}% 11
\BOOKMARK [2][-]{subsection*.12}{\376\377\0002\000.\0003\000.\0002\000\040\000S\000S\000H\000\040\000s\000e\000r\000v\000e\000r}{section*.10}% 12
\BOOKMARK [1][-]{section*.13}{\376\377\0002\000.\0004\000\040\000S\000y\000s\000t\000e\000m\000\040\000P\000a\000r\000t\000i\000t\000i\000o\000n}{chapter.2}% 13
\BOOKMARK [2][-]{subsection*.14}{\376\377\0002\000.\0004\000.\0001\000\040\000e\000M\000M\000C\000\040\000V\000e\000r\000s\000i\000o\000n}{section*.13}% 14
\BOOKMARK [1][-]{section*.15}{\376\377\0002\000.\0005\000\040\000S\000y\000s\000t\000e\000m\000\040\000S\000h\000u\000t\000d\000o\000w\000n}{chapter.2}% 15
\BOOKMARK [0][-]{chapter.3}{\376\377\0003\000.\000\040\000P\000l\000a\000t\000f\000o\000r\000m\000\040\000I\000n\000t\000e\000r\000f\000a\000c\000e\000\040\000F\000u\000n\000c\000t\000i\000o\000n\000\040\000U\000s\000e\000\040\000a\000n\000d\000\040\000T\000e\000s\000t}{}% 16
\BOOKMARK [1][-]{section*.16}{\376\377\0003\000.\0001\000\040\000I\000n\000t\000r\000o\000d\000u\000c\000t\000i\000o\000n\000\040\000t\000o\000\040\000I\000n\000t\000e\000r\000f\000a\000c\000e\000\040\000F\000u\000n\000c\000t\000i\000o\000n}{chapter.3}% 17
\BOOKMARK [1][-]{section*.17}{\376\377\0003\000.\0002\000\040\000N\000e\000t\000w\000o\000r\000k\000\040\000C\000o\000n\000f\000i\000g\000u\000r\000a\000t\000i\000o\000n\000\040\000T\000e\000s\000t}{chapter.3}% 18
\BOOKMARK [1][-]{section*.18}{\376\377\0003\000.\0003\000\040\000O\000p\000e\000n\000G\000L\000\040\000T\000e\000s\000t}{chapter.3}% 19
\BOOKMARK [1][-]{section*.19}{\376\377\0003\000.\0004\000\040\0004\000G\000/\0005\000G\000\040\000T\000e\000s\000t}{chapter.3}% 20
\BOOKMARK [1][-]{section*.20}{\376\377\0003\000.\0005\000\040\000U\000A\000R\000T\000\040\000T\000e\000s\000t}{chapter.3}% 21
\BOOKMARK [1][-]{section*.21}{\376\377\0003\000.\0006\000\040\000W\000I\000F\000I\000\040\000T\000e\000s\000t}{chapter.3}% 22
\BOOKMARK [1][-]{section*.22}{\376\377\0003\000.\0007\000\040\000R\000T\000C\000\040\000T\000e\000s\000t}{chapter.3}% 23
\BOOKMARK [1][-]{section*.23}{\376\377\0003\000.\0008\000\040\000W\000a\000t\000c\000h\000d\000o\000g\000\040\000T\000e\000s\000t}{chapter.3}% 24
\BOOKMARK [1][-]{section*.24}{\376\377\0003\000.\0009\000\040\000P\000i\000n\000g\000\040\000T\000e\000s\000t}{chapter.3}% 25
\BOOKMARK [1][-]{section*.25}{\376\377\0003\000.\0001\0000\000\040\000C\000a\000m\000e\000r\000a\000\040\000T\000e\000s\000t}{chapter.3}% 26
\BOOKMARK [1][-]{section*.26}{\376\377\0003\000.\0001\0001\000\040\000B\000a\000c\000k\000l\000i\000g\000h\000t\000\040\000T\000e\000s\000t}{chapter.3}% 27
\BOOKMARK [1][-]{section*.27}{\376\377\0003\000.\0001\0002\000\040\000P\000l\000a\000y\000/\000R\000e\000c\000o\000r\000d\000\040\000T\000e\000s\000t}{chapter.3}% 28
\BOOKMARK [1][-]{section*.28}{\376\377\0003\000.\0001\0003\000\040\000M\000u\000s\000i\000c\000\040\000P\000l\000a\000y\000\040\000T\000e\000s\000t}{chapter.3}% 29
\BOOKMARK [1][-]{section*.29}{\376\377\0003\000.\0001\0004\000\040\000Q\000m\000l\000\040\000V\000i\000d\000e\000o\000\040\000P\000l\000a\000y\000b\000a\000c\000k\000\040\000T\000e\000s\000t}{chapter.3}% 30
\BOOKMARK [1][-]{section*.30}{\376\377\0003\000.\0001\0005\000\040\000B\000r\000o\000w\000s\000e\000r\000\040\000T\000e\000s\000t}{chapter.3}% 31
\BOOKMARK [0][-]{chapter.4}{\376\377\0004\000.\000\040\000C\000o\000m\000m\000a\000n\000d\000\040\000L\000i\000n\000e\000\040\000T\000o\000o\000l\000\040\000A\000p\000p\000l\000i\000c\000a\000t\000i\000o\000n\000\040\000a\000n\000d\000\040\000T\000e\000s\000t}{}% 32
\BOOKMARK [1][-]{section*.31}{\376\377\0004\000.\0001\000\040\000S\000y\000s\000t\000e\000m\000\040\000I\000n\000f\000o\000r\000m\000a\000t\000i\000o\000n\000\040\000Q\000u\000e\000r\000y}{chapter.4}% 33
\BOOKMARK [1][-]{section*.32}{\376\377\0004\000.\0002\000\040\000F\000r\000e\000q\000u\000e\000n\000c\000y\000\040\000T\000e\000s\000t}{chapter.4}% 34
\BOOKMARK [1][-]{section*.33}{\376\377\0004\000.\0003\000\040\000T\000e\000m\000p\000e\000r\000a\000t\000u\000r\000e\000\040\000T\000e\000s\000t}{chapter.4}% 35
\BOOKMARK [1][-]{section*.34}{\376\377\0004\000.\0004\000\040\000D\000D\000R\000\040\000B\000a\000n\000d\000w\000i\000d\000t\000h\000\040\000T\000e\000s\000t\000:}{chapter.4}% 36
\BOOKMARK [1][-]{section*.35}{\376\377\0004\000.\0005\000\040\000W\000a\000t\000c\000h\000d\000o\000g\000\040\000T\000e\000s\000t}{chapter.4}% 37
\BOOKMARK [1][-]{section*.36}{\376\377\0004\000.\0006\000\040\000R\000T\000C\000\040\000F\000u\000n\000c\000t\000i\000o\000n\000\040\000T\000e\000s\000t}{chapter.4}% 38
\BOOKMARK [1][-]{section*.37}{\376\377\0004\000.\0007\000\040\000U\000A\000R\000T\000\040\000T\000e\000s\000t}{chapter.4}% 39
\BOOKMARK [1][-]{section*.38}{\376\377\0004\000.\0008\000\040\000P\000C\000I\000E}{chapter.4}% 40
\BOOKMARK [1][-]{section*.39}{\376\377\0004\000.\0009\000\040\000T\000F\000\040\000T\000e\000s\000t}{chapter.4}% 41
\BOOKMARK [1][-]{section*.40}{\376\377\0004\000.\0001\0000\000\040\000E\000M\000M\000C\000\040\000T\000e\000s\000t}{chapter.4}% 42
\BOOKMARK [1][-]{section*.41}{\376\377\0004\000.\0001\0001\000\040\000U\000S\000B}{chapter.4}% 43
\BOOKMARK [2][-]{subsection*.42}{\376\377\0004\000.\0001\0001\000.\0001\000\040\000U\000S\000B\0002\000.\0000}{section*.41}% 44
\BOOKMARK [2][-]{subsection*.43}{\376\377\0004\000.\0001\0001\000.\0002\000\040\000U\000S\000B\0003\000.\0000}{section*.41}% 45
\BOOKMARK [2][-]{subsection*.44}{\376\377\0004\000.\0001\0001\000.\0003\000\040\000M\000i\000c\000r\000o\000-\000U\000S\000B}{section*.41}% 46
\BOOKMARK [1][-]{section*.45}{\376\377\0004\000.\0001\0002\000\040\000E\000t\000h\000e\000r\000n\000e\000t\000\040\000C\000o\000n\000f\000i\000g\000u\000r\000a\000t\000i\000o\000n}{chapter.4}% 47
\BOOKMARK [2][-]{subsection*.46}{\376\377\0004\000.\0001\0002\000.\0001\000\040\000G\000i\000g\000a\000b\000i\000t\000\040\000E\000t\000h\000e\000r\000n\000e\000t\000\040\000S\000t\000a\000t\000i\000c\000\040\000I\000P\000\040\000C\000o\000n\000f\000i\000g\000u\000r\000a\000t\000i\000o\000n}{section*.45}% 48
\BOOKMARK [2][-]{subsection*.47}{\376\377\0004\000.\0001\0002\000.\0002\000\040\000E\000t\000h\000e\000r\000n\000e\000t\000\040\000S\000p\000e\000e\000d\000\040\000T\000e\000s\000t}{section*.45}% 49
\BOOKMARK [1][-]{section*.48}{\376\377\0004\000.\0001\0003\000\040\000N\000e\000t\000w\000o\000r\000k\000\040\000S\000e\000r\000v\000i\000c\000e\000s}{chapter.4}% 50
\BOOKMARK [2][-]{subsection*.49}{\376\377\0004\000.\0001\0003\000.\0001\000\040\000W\000e\000b\000\040\000S\000e\000r\000v\000i\000c\000e\000s}{section*.48}% 51
\BOOKMARK [2][-]{subsection*.50}{\376\377\0004\000.\0001\0003\000.\0002\000\040\000S\000F\000T\000P}{section*.48}% 52
\BOOKMARK [1][-]{section*.51}{\376\377\0004\000.\0001\0004\000\040\000W\000I\000F\000I\000\040\000B\000l\000u\000e\000t\000o\000o\000t\000h\000\040\000T\000e\000s\000t}{chapter.4}% 53
\BOOKMARK [2][-]{subsection*.52}{\376\377\0004\000.\0001\0004\000.\0001\000\040\000W\000I\000F\000I\000\040\000S\000T\000A\000\040\000M\000o\000d\000e}{section*.51}% 54
\BOOKMARK [2][-]{subsection*.53}{\376\377\0004\000.\0001\0004\000.\0002\000\040\000W\000I\000F\000I\000\040\000A\000P\000\040\000M\000o\000d\000e}{section*.51}% 55
\BOOKMARK [2][-]{subsection*.54}{\376\377\0004\000.\0001\0004\000.\0003\000\040\000B\000l\000u\000e\000t\000o\000o\000t\000h\000\040\000T\000e\000s\000t}{section*.51}% 56
\BOOKMARK [1][-]{section*.55}{\376\377\0004\000.\0001\0005\000\040\0004\000G\000/\0005\000G\000\040\000T\000e\000s\000t}{chapter.4}% 57
\BOOKMARK [1][-]{section*.56}{\376\377\0004\000.\0001\0006\000\040\000P\000l\000a\000y\000/\000R\000e\000c\000o\000r\000d\000\040\000T\000e\000s\000t}{chapter.4}% 58
\BOOKMARK [1][-]{section*.57}{\376\377\0004\000.\0001\0007\000\040\000C\000l\000o\000s\000i\000n\000g\000\040\000t\000h\000e\000\040\000D\000e\000s\000k\000t\000o\000p}{chapter.4}% 59
\BOOKMARK [1][-]{section*.58}{\376\377\0004\000.\0001\0008\000\040\000L\000E\000D\000\040\000T\000e\000s\000t}{chapter.4}% 60
\BOOKMARK [1][-]{section*.59}{\376\377\0004\000.\0001\0009\000\040\000S\000Q\000L\000i\000t\000e\0003\000\040\000T\000e\000s\000t}{chapter.4}% 61
\BOOKMARK [1][-]{section*.60}{\376\377\0004\000.\0002\0000\000\040\000P\000W\000M\000\040\000T\000e\000s\000t}{chapter.4}% 62
\BOOKMARK [2][-]{subsection*.61}{\376\377\0004\000.\0002\0000\000.\0001\000\040\000S\000c\000r\000e\000e\000n\000\040\000B\000a\000c\000k\000l\000i\000g\000h\000t\000\040\000T\000e\000s\000t}{section*.60}% 63
\BOOKMARK [1][-]{section*.62}{\376\377\0004\000.\0002\0001\000\040\000C\000A\000N\000\040\000T\000e\000s\000t}{chapter.4}% 64
\BOOKMARK [2][-]{subsection*.63}{\376\377\0004\000.\0002\0001\000.\0001\000\040\000C\000A\000N\000\040\000T\000e\000s\000t}{section*.62}% 65
\BOOKMARK [2][-]{subsection*.64}{\376\377\0004\000.\0002\0001\000.\0002\000\040\000O\000t\000h\000e\000r\000\040\000C\000o\000m\000m\000o\000n\000\040\000C\000o\000m\000m\000a\000n\000d\000s}{section*.62}% 66
\BOOKMARK [1][-]{section*.65}{\376\377\0004\000.\0002\0002\000\040\000S\000P\000I\000\040\000T\000e\000s\000t}{chapter.4}% 67
\BOOKMARK [1][-]{section*.66}{\376\377\0004\000.\0002\0003\000\040\000G\000P\000I\000O}{chapter.4}% 68
\BOOKMARK [1][-]{section*.67}{\376\377\0004\000.\0002\0004\000\040\000S\000l\000e\000e\000p\000\040\000W\000a\000k\000e\000-\000u\000p\000\040\000T\000e\000s\000t}{chapter.4}% 69
\BOOKMARK [1][-]{section*.68}{\376\377\0004\000.\0002\0005\000\040\000I\000P\000v\0006\000\040\000T\000e\000s\000t}{chapter.4}% 70
\BOOKMARK [0][-]{chapter.5}{\376\377\0005\000.\000\040\000M\000u\000l\000t\000i\000m\000e\000d\000i\000a\000\040\000T\000e\000s\000t}{}% 71
\BOOKMARK [1][-]{section*.69}{\376\377\0005\000.\0001\000\040\000A\000u\000d\000i\000o\000\040\000a\000n\000d\000\040\000V\000i\000d\000e\000o\000\040\000P\000l\000a\000y\000b\000a\000c\000k}{chapter.5}% 72
\BOOKMARK [1][-]{section*.70}{\376\377\0005\000.\0002\000\040\000V\000i\000d\000e\000o\000\040\000H\000a\000r\000d\000w\000a\000r\000e\000\040\000E\000n\000c\000o\000d\000i\000n\000g}{chapter.5}% 73
\BOOKMARK [1][-]{section*.71}{\376\377\0005\000.\0003\000\040\000V\000i\000d\000e\000o\000\040\000H\000a\000r\000d\000w\000a\000r\000e\000\040\000D\000e\000c\000o\000d\000i\000n\000g}{chapter.5}% 74
\BOOKMARK [1][-]{section*.72}{\376\377\0005\000.\0004\000\040\000V\000i\000d\000e\000o\000\040\000C\000o\000n\000v\000e\000r\000s\000i\000o\000n\000\040\000\050\000C\000o\000l\000o\000r\000\040\000S\000p\000a\000c\000e\000\040\000C\000o\000n\000v\000e\000r\000s\000i\000o\000n\000\040\000a\000n\000d\000\040\000R\000o\000t\000a\000t\000i\000o\000n\000\040\000S\000c\000a\000l\000i\000n\000g\000\051}{chapter.5}% 75
\BOOKMARK [1][-]{section*.73}{\376\377\0005\000.\0005\000\040\000V\000i\000d\000e\000o\000\040\000C\000o\000m\000p\000o\000s\000i\000t\000i\000n\000g}{chapter.5}% 76
\BOOKMARK [1][-]{section*.74}{\376\377\0005\000.\0006\000\040\000N\000P\000U\000\040\000T\000e\000s\000t}{chapter.5}% 77
\BOOKMARK [1][-]{section*.75}{\376\377\0005\000.\0007\000\040\000C\000a\000m\000e\000r\000a\000\040\000T\000e\000s\000t}{chapter.5}% 78
\BOOKMARK [2][-]{subsection*.76}{\376\377\0005\000.\0007\000.\0001\000\040\000U\000S\000B\000\040\000C\000a\000m\000e\000r\000a\000\040\000T\000e\000s\000t}{section*.75}% 79
\BOOKMARK [2][-]{subsection*.77}{\376\377\0005\000.\0007\000.\0002\000\040\000O\000V\0005\0006\0004\0005\000\040\000T\000e\000s\000t}{section*.75}% 80
\BOOKMARK [2][-]{subsection*.78}{\376\377\0005\000.\0007\000.\0003\000\040\000B\000A\000S\000L\000E\000R\000\040\000C\000A\000M\000E\000R\000A\000\040\000T\000e\000s\000t}{section*.75}% 81
\BOOKMARK [0][-]{chapter.6}{\376\377\0006\000.\000\040\000S\000y\000s\000t\000e\000m\000\040\000S\000e\000t\000t\000i\000n\000g\000s}{}% 82
\BOOKMARK [1][-]{section*.79}{\376\377\0006\000.\0001\000\040\000U\000p\000d\000a\000t\000i\000n\000g\000\040\000L\000o\000g\000o}{chapter.6}% 83
\BOOKMARK [1][-]{section*.80}{\376\377\0006\000.\0002\000\040\000S\000e\000l\000f\000-\000s\000t\000a\000r\000t\000i\000n\000g\000\040\000P\000r\000o\000g\000r\000a\000m\000\040\000S\000e\000t\000t\000i\000n\000g\000s}{chapter.6}% 84
\BOOKMARK [1][-]{section*.81}{\376\377\0006\000.\0003\000\040\000E\000E\000P\000R\000O\000M\000\040\000T\000e\000s\000t}{chapter.6}% 85
\BOOKMARK [1][-]{section*.82}{\376\377\0006\000.\0004\000\040\000S\000t\000a\000r\000t\000i\000n\000g\000\040\000t\000h\000e\000\040\000W\000a\000t\000c\000h\000d\000o\000g\000\040\000U\000n\000d\000e\000r\000\040\000U\000b\000o\000o\000t}{chapter.6}% 86
\BOOKMARK [1][-]{section*.83}{\376\377\0006\000.\0005\000\040\000K\000e\000r\000n\000e\000l\000\040\000a\000n\000d\000\040\000D\000e\000v\000i\000c\000e\000\040\000T\000r\000e\000e\000\040\000L\000o\000a\000d\000i\000n\000g\000\040\000v\000i\000a\000\040\000U\000b\000o\000o\000t}{chapter.6}% 87
\BOOKMARK [1][-]{section*.84}{\376\377\0006\000.\0006\000\040\000D\000i\000s\000p\000l\000a\000y\000\040\000S\000e\000t\000t\000i\000n\000g\000s}{chapter.6}% 88
\BOOKMARK [2][-]{subsection*.85}{\376\377\0006\000.\0006\000.\0001\000\040\000D\000u\000a\000l\000\040\000L\000V\000D\000S\000\040\000D\000i\000s\000p\000l\000a\000y\000\040\000C\000o\000n\000f\000i\000g\000u\000r\000a\000t\000i\000o\000n}{section*.84}% 89
\BOOKMARK [1][-]{section*.86}{\376\377\0006\000.\0007\000\040\000S\000e\000p\000a\000r\000a\000t\000e\000\040\000C\000o\000m\000p\000i\000l\000a\000t\000i\000o\000n\000\040\000o\000f\000\040\000U\000-\000B\000o\000o\000t\000\040\000a\000n\000d\000\040\000K\000e\000r\000n\000e\000l}{chapter.6}% 90
\BOOKMARK [0][-]{chapter.7}{\376\377\0007\000.\000\040\000S\000y\000s\000t\000e\000m\000\040\000F\000l\000a\000s\000h\000i\000n\000g}{}% 91
\BOOKMARK [1][-]{section*.87}{\376\377\0007\000.\0001\000\040\000I\000m\000a\000g\000e\000\040\000R\000e\000q\000u\000i\000r\000e\000d\000\040\000f\000o\000r\000\040\000F\000l\000a\000s\000h\000i\000n\000g}{chapter.7}% 92
\BOOKMARK [1][-]{section*.88}{\376\377\0007\000.\0002\000\040\000F\000l\000a\000s\000h\000i\000n\000g\000\040\000U\000-\000B\000o\000o\000t\000\040\000v\000i\000a\000\040\000U\000S\000B}{chapter.7}% 93
\BOOKMARK [2][-]{subsection*.89}{\376\377\0007\000.\0002\000.\0001\000\040\000F\000l\000a\000s\000h\000i\000n\000g\000\040\000U\000b\000o\000o\000t\000\040\000t\000o\000\040\000e\000M\000M\000C\000.}{section*.88}% 94
\BOOKMARK [2][-]{subsection*.90}{\376\377\0007\000.\0002\000.\0002\000\040\000F\000l\000a\000s\000h\000i\000n\000g\000\040\000U\000b\000o\000o\000t\000\040\000t\000o\000\040\000S\000D}{section*.88}% 95
\BOOKMARK [2][-]{subsection*.91}{\376\377\0007\000.\0002\000.\0003\000\040\000F\000l\000a\000s\000h\000i\000n\000g\000\040\000U\000b\000o\000o\000t\000\040\000t\000o\000\040\000Q\000S\000P\000I\000F\000L\000A\000S\000H}{section*.88}% 96
\BOOKMARK [1][-]{section*.92}{\376\377\0007\000.\0003\000\040\000F\000l\000a\000s\000h\000i\000n\000g\000\040\000t\000h\000e\000\040\000F\000i\000l\000e\000\040\000S\000y\000s\000t\000e\000m\000\040\000v\000i\000a\000\040\000U\000S\000B}{chapter.7}% 97
\BOOKMARK [1][-]{section*.93}{\376\377\0007\000.\0004\000\040\000F\000l\000a\000s\000h\000i\000n\000g\000\040\000U\000b\000o\000o\000t\000\040\000i\000n\000\040\000F\000i\000l\000e\000\040\000S\000y\000s\000t\000e\000m}{chapter.7}% 98
\BOOKMARK [2][-]{subsection*.94}{\376\377\0007\000.\0004\000.\0001\000\040\000F\000l\000a\000s\000h\000i\000n\000g\000\040\000U\000b\000o\000o\000t\000\040\000t\000o\000\040\000S\000P\000I\000F\000L\000A\000S\000H}{section*.93}% 99
\BOOKMARK [1][-]{section*.95}{\376\377\0007\000.\0005\000\040\000F\000l\000a\000s\000h\000i\000n\000g\000\040\000v\000i\000a\000\040\000T\000F\000\040\000C\000a\000r\000d}{chapter.7}% 100
\BOOKMARK [2][-]{subsection*.96}{\376\377\0007\000.\0005\000.\0001\000\040\000M\000a\000k\000i\000n\000g\000\040\000F\000l\000a\000s\000h\000i\000n\000g\000\040\000C\000a\000r\000d}{section*.95}% 101
\BOOKMARK [2][-]{subsection*.97}{\376\377\0007\000.\0005\000.\0002\000\040\000C\000o\000p\000y\000i\000n\000g\000\040\000t\000h\000e\000\040\000R\000e\000q\000u\000i\000r\000e\000d\000\040\000I\000m\000a\000g\000e\000\040\000t\000o\000\040\000T\000h\000e\000\040\000F\000l\000a\000s\000h\000i\000n\000g\000\040\000C\000a\000r\000d}{section*.95}% 102
\BOOKMARK [2][-]{subsection*.98}{\376\377\0007\000.\0005\000.\0003\000\040\000F\000l\000a\000s\000h\000i\000n\000g\000\040\000E\000M\000M\000C\000\040\000W\000i\000t\000h\000\040\000T\000F\000\040\000C\000a\000r\000d}{section*.95}% 103
